2023-10-31 19:53:58.281 INFO l.c.S.SpringbootBaseApplication - [logStarting,55] - Starting SpringbootBaseApplication using Java 1.8.0_91 on LAPTOP-4NJ4OJED with PID 23028 (E:\StudyDemo\Java_Demo\SpringbootBase\target\classes started by zz in E:\StudyDemo\Java_Demo)
2023-10-31 19:53:58.288 INFO l.c.S.SpringbootBaseApplication - [logStartupProfileInfo,640] - The following 1 profile is active: "data"
2023-10-31 19:54:00.590 INFO o.a.c.h.Http11NioProtocol - [log,173] - Initializing ProtocolHandler ["http-nio-16000"]
2023-10-31 19:54:00.591 INFO o.a.c.c.StandardService - [log,173] - Starting service [Tomcat]
2023-10-31 19:54:00.591 INFO o.a.c.c.StandardEngine - [log,173] - Starting Servlet engine: [Apache Tomcat/9.0.63]
2023-10-31 19:54:00.893 INFO o.a.c.c.C.[.[.[/javaDemo] - [log,173] - Initializing Spring embedded WebApplicationContext
2023-10-31 19:54:01.911 INFO s.d.s.w.PropertySourcedRequestMappingHandlerMapping - [initHandlerMethods,69] - Mapped URL path [/v2/api-docs] onto method [springfox.documentation.swagger2.web.Swagger2Controller#getDocumentation(String, HttpServletRequest)]
2023-10-31 19:54:02.315 INFO o.a.c.h.Http11NioProtocol - [log,173] - Starting ProtocolHandler ["http-nio-16000"]
2023-10-31 19:54:02.340 INFO s.d.s.w.p.DocumentationPluginsBootstrapper - [start,160] - Context refreshed
2023-10-31 19:54:02.375 INFO s.d.s.w.p.DocumentationPluginsBootstrapper - [start,163] - Found 1 custom documentation plugin(s)
2023-10-31 19:54:02.424 INFO s.d.s.w.s.ApiListingReferenceScanner - [scan,41] - Scanning for api listing references
2023-10-31 19:54:02.682 INFO l.c.S.SpringbootBaseApplication - [logStarted,61] - Started SpringbootBaseApplication in 4.935 seconds (JVM running for 5.985)
2023-10-31 19:54:25.076 INFO o.a.c.c.C.[.[.[/javaDemo] - [log,173] - Initializing Spring DispatcherServlet 'dispatcherServlet'
2023-10-31 19:57:02.125 INFO l.c.S.c.l.OperationLogAspect - [doBefore,61] - ================lynu.chaohl.SpringbootBaseMybatis.ServerBaseDemo.controller.ServerBaseDemoController.insert Start ================
2023-10-31 19:57:02.126 INFO l.c.S.c.l.OperationLogAspect - [doBefore,63] - URL            : http://localhost:16000/javaDemo/ServerBaseDemo/Restful/insert
2023-10-31 19:57:02.126 INFO l.c.S.c.l.OperationLogAspect - [doBefore,65] - apiName        : 这是一个swagger的Demo测试
2023-10-31 19:57:02.126 INFO l.c.S.c.l.OperationLogAspect - [doBefore,67] - HTTP Method    : POST
2023-10-31 19:57:02.126 INFO l.c.S.c.l.OperationLogAspect - [doBefore,69] - Class Method   : lynu.chaohl.SpringbootBaseMybatis.ServerBaseDemo.controller.ServerBaseDemoController.insert
2023-10-31 19:57:02.132 INFO l.c.S.c.l.OperationLogAspect - [doBefore,71] - Request Args   : [{"id":3434,"testid":33,"testname":"string"}]
2023-10-31 19:57:02.140 INFO l.c.S.S.s.ServerBaseDemoService - [insert,18] - lynu.chaohl.SpringbootBaseMybatis.ServerBaseDemo.entity.ServerBaseDemo@48ec34b7
2023-10-31 19:57:02.141 INFO l.c.S.S.s.ServerBaseDemoService - [insert,19] - org.apache.ibatis.binding.MapperProxy@6fd89937
2023-10-31 19:57:02.172 INFO c.z.h.HikariDataSource - [getConnection,110] - HikariPool-1 - Starting...
2023-10-31 19:57:02.564 INFO c.z.h.HikariDataSource - [getConnection,123] - HikariPool-1 - Start completed.
2023-10-31 19:57:02.978 INFO l.c.S.c.l.OperationLogAspect - [exceptionLog,166] - The method lynu.chaohl.SpringbootBaseMybatis.ServerBaseDemo.controller.ServerBaseDemoController.insert occurs exception org.springframework.dao.DuplicateKeyException:
### Error updating database.  Cause: java.sql.SQLIntegrityConstraintViolationException: Duplicate entry '3434' for key 'PRIMARY'
### The error may exist in file [E:\StudyDemo\Java_Demo\SpringbootBase\target\classes\mybatis\mapper\ServerBaseDemoMapper.xml]
### The error may involve lynu.chaohl.SpringbootBaseMybatis.ServerBaseDemo.mapper.ServerBaseDemoMapper.insert-Inline
### The error occurred while setting parameters
### SQL: insert into serverbasedemo (id, testid, testname       )     values (?, ?, ?       )
### Cause: java.sql.SQLIntegrityConstraintViolationException: Duplicate entry '3434' for key 'PRIMARY'
; Duplicate entry '3434' for key 'PRIMARY'; nested exception is java.sql.SQLIntegrityConstraintViolationException: Duplicate entry '3434' for key 'PRIMARY'
	at org.springframework.jdbc.support.SQLErrorCodeSQLExceptionTranslator.doTranslate(SQLErrorCodeSQLExceptionTranslator.java:247)
	at org.springframework.jdbc.support.AbstractFallbackSQLExceptionTranslator.translate(AbstractFallbackSQLExceptionTranslator.java:70)
	at org.mybatis.spring.MyBatisExceptionTranslator.translateExceptionIfPossible(MyBatisExceptionTranslator.java:91)
	at org.mybatis.spring.SqlSessionTemplate$SqlSessionInterceptor.invoke(SqlSessionTemplate.java:441)
	at com.sun.proxy.$Proxy80.insert(Unknown Source)
	at org.mybatis.spring.SqlSessionTemplate.insert(SqlSessionTemplate.java:272)
	at org.apache.ibatis.binding.MapperMethod.execute(MapperMethod.java:62)
	at org.apache.ibatis.binding.MapperProxy$PlainMethodInvoker.invoke(MapperProxy.java:145)
	at org.apache.ibatis.binding.MapperProxy.invoke(MapperProxy.java:86)
	at com.sun.proxy.$Proxy81.insert(Unknown Source)
	at sun.reflect.NativeMethodAccessorImpl.invoke0(Native Method)
	at sun.reflect.NativeMethodAccessorImpl.invoke(NativeMethodAccessorImpl.java:62)
	at sun.reflect.DelegatingMethodAccessorImpl.invoke(DelegatingMethodAccessorImpl.java:43)
	at java.lang.reflect.Method.invoke(Method.java:498)
	at org.springframework.aop.support.AopUtils.invokeJoinpointUsingReflection(AopUtils.java:344)
	at org.springframework.aop.framework.ReflectiveMethodInvocation.invokeJoinpoint(ReflectiveMethodInvocation.java:198)
	at org.springframework.aop.framework.ReflectiveMethodInvocation.proceed(ReflectiveMethodInvocation.java:163)
	at org.springframework.dao.support.PersistenceExceptionTranslationInterceptor.invoke(PersistenceExceptionTranslationInterceptor.java:137)
	at org.springframework.aop.framework.ReflectiveMethodInvocation.proceed(ReflectiveMethodInvocation.java:186)
	at org.springframework.aop.framework.JdkDynamicAopProxy.invoke(JdkDynamicAopProxy.java:215)
	at com.sun.proxy.$Proxy82.insert(Unknown Source)
	at lynu.chaohl.SpringbootBaseMybatis.ServerBaseDemo.service.ServerBaseDemoService.insert(ServerBaseDemoService.java:21)
	at lynu.chaohl.SpringbootBaseMybatis.ServerBaseDemo.controller.ServerBaseDemoController.insert(ServerBaseDemoController.java:30)
	at lynu.chaohl.SpringbootBaseMybatis.ServerBaseDemo.controller.ServerBaseDemoController$$FastClassBySpringCGLIB$$189cfcef.invoke(<generated>)
	at org.springframework.cglib.proxy.MethodProxy.invoke(MethodProxy.java:218)
	at org.springframework.aop.framework.CglibAopProxy$CglibMethodInvocation.invokeJoinpoint(CglibAopProxy.java:793)
	at org.springframework.aop.framework.ReflectiveMethodInvocation.proceed(ReflectiveMethodInvocation.java:163)
	at org.springframework.aop.framework.CglibAopProxy$CglibMethodInvocation.proceed(CglibAopProxy.java:763)
	at org.springframework.aop.aspectj.AspectJAfterThrowingAdvice.invoke(AspectJAfterThrowingAdvice.java:64)
	at org.springframework.aop.framework.ReflectiveMethodInvocation.proceed(ReflectiveMethodInvocation.java:175)
	at org.springframework.aop.framework.CglibAopProxy$CglibMethodInvocation.proceed(CglibAopProxy.java:763)
	at org.springframework.aop.framework.adapter.MethodBeforeAdviceInterceptor.invoke(MethodBeforeAdviceInterceptor.java:58)
	at org.springframework.aop.framework.ReflectiveMethodInvocation.proceed(ReflectiveMethodInvocation.java:175)
	at org.springframework.aop.framework.CglibAopProxy$CglibMethodInvocation.proceed(CglibAopProxy.java:763)
	at org.springframework.aop.interceptor.ExposeInvocationInterceptor.invoke(ExposeInvocationInterceptor.java:97)
	at org.springframework.aop.framework.ReflectiveMethodInvocation.proceed(ReflectiveMethodInvocation.java:186)
	at org.springframework.aop.framework.CglibAopProxy$CglibMethodInvocation.proceed(CglibAopProxy.java:763)
	at org.springframework.aop.framework.CglibAopProxy$DynamicAdvisedInterceptor.intercept(CglibAopProxy.java:708)
	at lynu.chaohl.SpringbootBaseMybatis.ServerBaseDemo.controller.ServerBaseDemoController$$EnhancerBySpringCGLIB$$2cb5a9c8.insert(<generated>)
	at sun.reflect.NativeMethodAccessorImpl.invoke0(Native Method)
	at sun.reflect.NativeMethodAccessorImpl.invoke(NativeMethodAccessorImpl.java:62)
	at sun.reflect.DelegatingMethodAccessorImpl.invoke(DelegatingMethodAccessorImpl.java:43)
	at java.lang.reflect.Method.invoke(Method.java:498)
	at org.springframework.web.method.support.InvocableHandlerMethod.doInvoke(InvocableHandlerMethod.java:205)
	at org.springframework.web.method.support.InvocableHandlerMethod.invokeForRequest(InvocableHandlerMethod.java:150)
	at org.springframework.web.servlet.mvc.method.annotation.ServletInvocableHandlerMethod.invokeAndHandle(ServletInvocableHandlerMethod.java:117)
	at org.springframework.web.servlet.mvc.method.annotation.RequestMappingHandlerAdapter.invokeHandlerMethod(RequestMappingHandlerAdapter.java:895)
	at org.springframework.web.servlet.mvc.method.annotation.RequestMappingHandlerAdapter.handleInternal(RequestMappingHandlerAdapter.java:808)
	at org.springframework.web.servlet.mvc.method.AbstractHandlerMethodAdapter.handle(AbstractHandlerMethodAdapter.java:87)
	at org.springframework.web.servlet.DispatcherServlet.doDispatch(DispatcherServlet.java:1067)
	at org.springframework.web.servlet.DispatcherServlet.doService(DispatcherServlet.java:963)
	at org.springframework.web.servlet.FrameworkServlet.processRequest(FrameworkServlet.java:1006)
	at org.springframework.web.servlet.FrameworkServlet.doPost(FrameworkServlet.java:909)
	at javax.servlet.http.HttpServlet.service(HttpServlet.java:681)
	at org.springframework.web.servlet.FrameworkServlet.service(FrameworkServlet.java:883)
	at javax.servlet.http.HttpServlet.service(HttpServlet.java:764)
	at org.apache.catalina.core.ApplicationFilterChain.internalDoFilter(ApplicationFilterChain.java:227)
	at org.apache.catalina.core.ApplicationFilterChain.doFilter(ApplicationFilterChain.java:162)
	at org.apache.tomcat.websocket.server.WsFilter.doFilter(WsFilter.java:53)
	at org.apache.catalina.core.ApplicationFilterChain.internalDoFilter(ApplicationFilterChain.java:189)
	at org.apache.catalina.core.ApplicationFilterChain.doFilter(ApplicationFilterChain.java:162)
	at org.springframework.web.filter.RequestContextFilter.doFilterInternal(RequestContextFilter.java:100)
	at org.springframework.web.filter.OncePerRequestFilter.doFilter(OncePerRequestFilter.java:117)
	at org.apache.catalina.core.ApplicationFilterChain.internalDoFilter(ApplicationFilterChain.java:189)
	at org.apache.catalina.core.ApplicationFilterChain.doFilter(ApplicationFilterChain.java:162)
	at org.springframework.web.filter.FormContentFilter.doFilterInternal(FormContentFilter.java:93)
	at org.springframework.web.filter.OncePerRequestFilter.doFilter(OncePerRequestFilter.java:117)
	at org.apache.catalina.core.ApplicationFilterChain.internalDoFilter(ApplicationFilterChain.java:189)
	at org.apache.catalina.core.ApplicationFilterChain.doFilter(ApplicationFilterChain.java:162)
	at org.springframework.web.filter.CharacterEncodingFilter.doFilterInternal(CharacterEncodingFilter.java:201)
	at org.springframework.web.filter.OncePerRequestFilter.doFilter(OncePerRequestFilter.java:117)
	at org.apache.catalina.core.ApplicationFilterChain.internalDoFilter(ApplicationFilterChain.java:189)
	at org.apache.catalina.core.ApplicationFilterChain.doFilter(ApplicationFilterChain.java:162)
	at org.apache.catalina.core.StandardWrapperValve.invoke(StandardWrapperValve.java:197)
	at org.apache.catalina.core.StandardContextValve.invoke(StandardContextValve.java:97)
	at org.apache.catalina.authenticator.AuthenticatorBase.invoke(AuthenticatorBase.java:541)
	at org.apache.catalina.core.StandardHostValve.invoke(StandardHostValve.java:135)
	at org.apache.catalina.valves.ErrorReportValve.invoke(ErrorReportValve.java:92)
	at org.apache.catalina.core.StandardEngineValve.invoke(StandardEngineValve.java:78)
	at org.apache.catalina.connector.CoyoteAdapter.service(CoyoteAdapter.java:360)
	at org.apache.coyote.http11.Http11Processor.service(Http11Processor.java:399)
	at org.apache.coyote.AbstractProcessorLight.process(AbstractProcessorLight.java:65)
	at org.apache.coyote.AbstractProtocol$ConnectionHandler.process(AbstractProtocol.java:890)
	at org.apache.tomcat.util.net.NioEndpoint$SocketProcessor.doRun(NioEndpoint.java:1743)
	at org.apache.tomcat.util.net.SocketProcessorBase.run(SocketProcessorBase.java:49)
	at org.apache.tomcat.util.threads.ThreadPoolExecutor.runWorker(ThreadPoolExecutor.java:1191)
	at org.apache.tomcat.util.threads.ThreadPoolExecutor$Worker.run(ThreadPoolExecutor.java:659)
	at org.apache.tomcat.util.threads.TaskThread$WrappingRunnable.run(TaskThread.java:61)
	at java.lang.Thread.run(Thread.java:745)
Caused by: java.sql.SQLIntegrityConstraintViolationException: Duplicate entry '3434' for key 'PRIMARY'
	at com.mysql.cj.jdbc.exceptions.SQLError.createSQLException(SQLError.java:117)
	at com.mysql.cj.jdbc.exceptions.SQLExceptionsMapping.translateException(SQLExceptionsMapping.java:122)
	at com.mysql.cj.jdbc.ClientPreparedStatement.executeInternal(ClientPreparedStatement.java:916)
	at com.mysql.cj.jdbc.ClientPreparedStatement.execute(ClientPreparedStatement.java:354)
	at com.zaxxer.hikari.pool.ProxyPreparedStatement.execute(ProxyPreparedStatement.java:44)
	at com.zaxxer.hikari.pool.HikariProxyPreparedStatement.execute(HikariProxyPreparedStatement.java)
	at sun.reflect.NativeMethodAccessorImpl.invoke0(Native Method)
	at sun.reflect.NativeMethodAccessorImpl.invoke(NativeMethodAccessorImpl.java:62)
	at sun.reflect.DelegatingMethodAccessorImpl.invoke(DelegatingMethodAccessorImpl.java:43)
	at java.lang.reflect.Method.invoke(Method.java:498)
	at org.apache.ibatis.logging.jdbc.PreparedStatementLogger.invoke(PreparedStatementLogger.java:59)
	at com.sun.proxy.$Proxy129.execute(Unknown Source)
	at org.apache.ibatis.executor.statement.PreparedStatementHandler.update(PreparedStatementHandler.java:47)
	at org.apache.ibatis.executor.statement.RoutingStatementHandler.update(RoutingStatementHandler.java:74)
	at org.apache.ibatis.executor.ReuseExecutor.doUpdate(ReuseExecutor.java:52)
	at org.apache.ibatis.executor.BaseExecutor.update(BaseExecutor.java:117)
	at org.apache.ibatis.executor.CachingExecutor.update(CachingExecutor.java:76)
	at org.apache.ibatis.session.defaults.DefaultSqlSession.update(DefaultSqlSession.java:194)
	at org.apache.ibatis.session.defaults.DefaultSqlSession.insert(DefaultSqlSession.java:181)
	at sun.reflect.NativeMethodAccessorImpl.invoke0(Native Method)
	at sun.reflect.NativeMethodAccessorImpl.invoke(NativeMethodAccessorImpl.java:62)
	at sun.reflect.DelegatingMethodAccessorImpl.invoke(DelegatingMethodAccessorImpl.java:43)
	at java.lang.reflect.Method.invoke(Method.java:498)
	at org.mybatis.spring.SqlSessionTemplate$SqlSessionInterceptor.invoke(SqlSessionTemplate.java:427)
	... 85 more

2023-10-31 19:57:19.673 INFO l.c.S.c.l.OperationLogAspect - [doBefore,61] - ================lynu.chaohl.SpringbootBaseMybatis.ServerBaseDemo.controller.ServerBaseDemoController.insert Start ================
2023-10-31 19:57:19.674 INFO l.c.S.c.l.OperationLogAspect - [doBefore,63] - URL            : http://localhost:16000/javaDemo/ServerBaseDemo/Restful/insert
2023-10-31 19:57:19.675 INFO l.c.S.c.l.OperationLogAspect - [doBefore,65] - apiName        : 这是一个swagger的Demo测试
2023-10-31 19:57:19.675 INFO l.c.S.c.l.OperationLogAspect - [doBefore,67] - HTTP Method    : POST
2023-10-31 19:57:19.675 INFO l.c.S.c.l.OperationLogAspect - [doBefore,69] - Class Method   : lynu.chaohl.SpringbootBaseMybatis.ServerBaseDemo.controller.ServerBaseDemoController.insert
2023-10-31 19:57:19.676 INFO l.c.S.c.l.OperationLogAspect - [doBefore,71] - Request Args   : [{"id":3433334,"testid":33,"testname":"string"}]
2023-10-31 19:57:19.676 INFO l.c.S.S.s.ServerBaseDemoService - [insert,18] - lynu.chaohl.SpringbootBaseMybatis.ServerBaseDemo.entity.ServerBaseDemo@3159bf62
2023-10-31 19:57:19.676 INFO l.c.S.S.s.ServerBaseDemoService - [insert,19] - org.apache.ibatis.binding.MapperProxy@6fd89937
2023-10-31 19:57:19.704 INFO l.c.S.S.c.ServerBaseDemoController - [insert,31] - hello world
2023-10-31 20:17:41.909 INFO l.c.S.SpringbootBaseApplication - [logStarting,55] - Starting SpringbootBaseApplication using Java 1.8.0_91 on LAPTOP-4NJ4OJED with PID 2272 (E:\StudyDemo\Java_Demo\SpringbootBase_test\target\classes started by zz in E:\StudyDemo\Java_Demo)
2023-10-31 20:17:41.914 INFO l.c.S.SpringbootBaseApplication - [logStartupProfileInfo,640] - The following 1 profile is active: "data"
2023-10-31 20:17:45.075 INFO o.a.c.h.Http11NioProtocol - [log,173] - Initializing ProtocolHandler ["http-nio-16000"]
2023-10-31 20:17:45.075 INFO o.a.c.c.StandardService - [log,173] - Starting service [Tomcat]
2023-10-31 20:17:45.076 INFO o.a.c.c.StandardEngine - [log,173] - Starting Servlet engine: [Apache Tomcat/9.0.63]
2023-10-31 20:17:45.358 INFO o.a.c.c.C.[.[.[/javaDemo] - [log,173] - Initializing Spring embedded WebApplicationContext
2023-10-31 20:17:46.465 INFO s.d.s.w.PropertySourcedRequestMappingHandlerMapping - [initHandlerMethods,69] - Mapped URL path [/v2/api-docs] onto method [springfox.documentation.swagger2.web.Swagger2Controller#getDocumentation(String, HttpServletRequest)]
2023-10-31 20:17:46.913 INFO o.a.c.h.Http11NioProtocol - [log,173] - Starting ProtocolHandler ["http-nio-16000"]
2023-10-31 20:17:46.941 INFO s.d.s.w.p.DocumentationPluginsBootstrapper - [start,160] - Context refreshed
2023-10-31 20:17:46.980 INFO s.d.s.w.p.DocumentationPluginsBootstrapper - [start,163] - Found 1 custom documentation plugin(s)
2023-10-31 20:17:47.035 INFO s.d.s.w.s.ApiListingReferenceScanner - [scan,41] - Scanning for api listing references
2023-10-31 20:17:47.338 INFO l.c.S.SpringbootBaseApplication - [logStarted,61] - Started SpringbootBaseApplication in 6.208 seconds (JVM running for 7.056)
2023-11-01 10:19:31.627 INFO l.c.S.SpringbootBaseApplication - [logStarting,55] - Starting SpringbootBaseApplication using Java 1.8.0_91 on LAPTOP-4NJ4OJED with PID 33824 (E:\StudyDemo\Java_Demo\SpringbootBase\target\classes started by zz in E:\StudyDemo\Java_Demo)
2023-11-01 10:19:31.641 INFO l.c.S.SpringbootBaseApplication - [logStartupProfileInfo,640] - The following 1 profile is active: "data"
2023-11-01 10:19:36.657 INFO o.a.c.h.Http11NioProtocol - [log,173] - Initializing ProtocolHandler ["http-nio-16000"]
2023-11-01 10:19:36.660 INFO o.a.c.c.StandardService - [log,173] - Starting service [Tomcat]
2023-11-01 10:19:36.661 INFO o.a.c.c.StandardEngine - [log,173] - Starting Servlet engine: [Apache Tomcat/9.0.63]
2023-11-01 10:19:37.299 INFO o.a.c.c.C.[.[.[/javaDemo] - [log,173] - Initializing Spring embedded WebApplicationContext
2023-11-01 10:19:40.069 INFO s.d.s.w.PropertySourcedRequestMappingHandlerMapping - [initHandlerMethods,69] - Mapped URL path [/v2/api-docs] onto method [springfox.documentation.swagger2.web.Swagger2Controller#getDocumentation(String, HttpServletRequest)]
2023-11-01 10:19:41.301 INFO o.a.c.h.Http11NioProtocol - [log,173] - Starting ProtocolHandler ["http-nio-16000"]
2023-11-01 10:19:41.371 INFO s.d.s.w.p.DocumentationPluginsBootstrapper - [start,160] - Context refreshed
2023-11-01 10:19:41.448 INFO s.d.s.w.p.DocumentationPluginsBootstrapper - [start,163] - Found 1 custom documentation plugin(s)
2023-11-01 10:19:41.632 INFO s.d.s.w.s.ApiListingReferenceScanner - [scan,41] - Scanning for api listing references
2023-11-01 10:19:42.267 INFO l.c.S.SpringbootBaseApplication - [logStarted,61] - Started SpringbootBaseApplication in 11.352 seconds (JVM running for 13.51)
2023-11-01 10:19:59.415 INFO l.c.S.SpringbootBaseApplication - [logStarting,55] - Starting SpringbootBaseApplication using Java 1.8.0_91 on LAPTOP-4NJ4OJED with PID 34420 (E:\StudyDemo\Java_Demo\SpringbootBase\target\classes started by zz in E:\StudyDemo\Java_Demo)
2023-11-01 10:19:59.418 INFO l.c.S.SpringbootBaseApplication - [logStartupProfileInfo,640] - The following 1 profile is active: "data"
2023-11-01 10:20:01.467 INFO o.a.c.h.Http11NioProtocol - [log,173] - Initializing ProtocolHandler ["http-nio-16000"]
2023-11-01 10:20:01.468 INFO o.a.c.c.StandardService - [log,173] - Starting service [Tomcat]
2023-11-01 10:20:01.468 INFO o.a.c.c.StandardEngine - [log,173] - Starting Servlet engine: [Apache Tomcat/9.0.63]
2023-11-01 10:20:02.005 INFO o.a.c.c.C.[.[.[/javaDemo] - [log,173] - Initializing Spring embedded WebApplicationContext
2023-11-01 10:20:03.326 INFO s.d.s.w.PropertySourcedRequestMappingHandlerMapping - [initHandlerMethods,69] - Mapped URL path [/v2/api-docs] onto method [springfox.documentation.swagger2.web.Swagger2Controller#getDocumentation(String, HttpServletRequest)]
2023-11-01 10:20:03.972 INFO o.a.c.h.Http11NioProtocol - [log,173] - Starting ProtocolHandler ["http-nio-16000"]
2023-11-01 10:20:04.037 INFO s.d.s.w.p.DocumentationPluginsBootstrapper - [start,160] - Context refreshed
2023-11-01 10:20:04.082 INFO s.d.s.w.p.DocumentationPluginsBootstrapper - [start,163] - Found 1 custom documentation plugin(s)
2023-11-01 10:20:04.161 INFO s.d.s.w.s.ApiListingReferenceScanner - [scan,41] - Scanning for api listing references
2023-11-01 10:20:04.591 INFO l.c.S.SpringbootBaseApplication - [logStarted,61] - Started SpringbootBaseApplication in 5.658 seconds (JVM running for 6.817)
2023-11-01 10:20:18.054 INFO l.c.S.SpringbootBaseApplication - [logStarting,55] - Starting SpringbootBaseApplication using Java 1.8.0_91 on LAPTOP-4NJ4OJED with PID 13388 (E:\StudyDemo\Java_Demo\SpringbootBase_test\target\classes started by zz in E:\StudyDemo\Java_Demo)
2023-11-01 10:20:18.058 INFO l.c.S.SpringbootBaseApplication - [logStartupProfileInfo,640] - The following 1 profile is active: "data"
2023-11-01 10:20:21.091 INFO o.a.c.h.Http11NioProtocol - [log,173] - Initializing ProtocolHandler ["http-nio-16000"]
2023-11-01 10:20:21.093 INFO o.a.c.c.StandardService - [log,173] - Starting service [Tomcat]
2023-11-01 10:20:21.093 INFO o.a.c.c.StandardEngine - [log,173] - Starting Servlet engine: [Apache Tomcat/9.0.63]
2023-11-01 10:20:21.422 INFO o.a.c.c.C.[.[.[/javaDemo] - [log,173] - Initializing Spring embedded WebApplicationContext
2023-11-01 10:20:22.395 INFO s.d.s.w.PropertySourcedRequestMappingHandlerMapping - [initHandlerMethods,69] - Mapped URL path [/v2/api-docs] onto method [springfox.documentation.swagger2.web.Swagger2Controller#getDocumentation(String, HttpServletRequest)]
2023-11-01 10:20:22.762 INFO o.a.c.h.Http11NioProtocol - [log,173] - Starting ProtocolHandler ["http-nio-16000"]
2023-11-01 10:20:22.808 INFO s.d.s.w.p.DocumentationPluginsBootstrapper - [start,160] - Context refreshed
2023-11-01 10:20:22.838 INFO s.d.s.w.p.DocumentationPluginsBootstrapper - [start,163] - Found 1 custom documentation plugin(s)
2023-11-01 10:20:22.879 INFO s.d.s.w.s.ApiListingReferenceScanner - [scan,41] - Scanning for api listing references
2023-11-01 10:20:23.106 INFO l.c.S.SpringbootBaseApplication - [logStarted,61] - Started SpringbootBaseApplication in 5.848 seconds (JVM running for 6.56)
