2023-11-21 14:59:38.192 INFO l.c.S.SpringbootBaseTestApplication - [logStarting,55] - Starting SpringbootBaseTestApplication using Java 1.8.0_91 on LAPTOP-4NJ4OJED with PID 17652 (E:\StudyDemo\Java_Demo\SpringbootBase_test\target\classes started by zz in E:\StudyDemo\Java_Demo)
2023-11-21 14:59:38.201 INFO l.c.S.SpringbootBaseTestApplication - [logStartupProfileInfo,640] - The following 1 profile is active: "data"
2023-11-21 14:59:40.978 INFO o.a.c.h.Http11NioProtocol - [log,173] - Initializing ProtocolHandler ["http-nio-16000"]
2023-11-21 14:59:40.978 INFO o.a.c.c.StandardService - [log,173] - Starting service [Tomcat]
2023-11-21 14:59:40.978 INFO o.a.c.c.StandardEngine - [log,173] - Starting Servlet engine: [Apache Tomcat/9.0.63]
2023-11-21 14:59:41.259 INFO o.a.c.c.C.[.[.[/javaDemo] - [log,173] - Initializing Spring embedded WebApplicationContext
2023-11-21 14:59:42.772 INFO s.d.s.w.PropertySourcedRequestMappingHandlerMapping - [initHandlerMethods,69] - Mapped URL path [/v2/api-docs] onto method [springfox.documentation.swagger2.web.Swagger2Controller#getDocumentation(String, HttpServletRequest)]
2023-11-21 14:59:43.214 INFO o.a.c.h.Http11NioProtocol - [log,173] - Starting ProtocolHandler ["http-nio-16000"]
2023-11-21 14:59:43.242 INFO s.d.s.w.p.DocumentationPluginsBootstrapper - [start,160] - Context refreshed
2023-11-21 14:59:43.281 INFO s.d.s.w.p.DocumentationPluginsBootstrapper - [start,163] - Found 1 custom documentation plugin(s)
2023-11-21 14:59:43.354 INFO s.d.s.w.s.ApiListingReferenceScanner - [scan,41] - Scanning for api listing references
2023-11-21 14:59:43.704 INFO l.c.S.SpringbootBaseTestApplication - [logStarted,61] - Started SpringbootBaseTestApplication in 6.164 seconds (JVM running for 10.775)
2023-11-21 15:01:26.074 INFO l.c.S.SpringbootBaseTestApplication - [logStarting,55] - Starting SpringbootBaseTestApplication using Java 1.8.0_91 on LAPTOP-4NJ4OJED with PID 27248 (E:\StudyDemo\Java_Demo\SpringbootBase_test\target\classes started by zz in E:\StudyDemo\Java_Demo)
2023-11-21 15:01:26.080 INFO l.c.S.SpringbootBaseTestApplication - [logStartupProfileInfo,640] - The following 1 profile is active: "data"
2023-11-21 15:01:27.875 INFO o.a.c.h.Http11NioProtocol - [log,173] - Initializing ProtocolHandler ["http-nio-16000"]
2023-11-21 15:01:27.875 INFO o.a.c.c.StandardService - [log,173] - Starting service [Tomcat]
2023-11-21 15:01:27.875 INFO o.a.c.c.StandardEngine - [log,173] - Starting Servlet engine: [Apache Tomcat/9.0.63]
2023-11-21 15:01:28.079 INFO o.a.c.c.C.[.[.[/javaDemo] - [log,173] - Initializing Spring embedded WebApplicationContext
2023-11-21 15:01:28.880 INFO s.d.s.w.PropertySourcedRequestMappingHandlerMapping - [initHandlerMethods,69] - Mapped URL path [/v2/api-docs] onto method [springfox.documentation.swagger2.web.Swagger2Controller#getDocumentation(String, HttpServletRequest)]
2023-11-21 15:01:29.261 INFO o.a.c.h.Http11NioProtocol - [log,173] - Starting ProtocolHandler ["http-nio-16000"]
2023-11-21 15:01:29.292 INFO s.d.s.w.p.DocumentationPluginsBootstrapper - [start,160] - Context refreshed
2023-11-21 15:01:29.323 INFO s.d.s.w.p.DocumentationPluginsBootstrapper - [start,163] - Found 1 custom documentation plugin(s)
2023-11-21 15:01:29.363 INFO s.d.s.w.s.ApiListingReferenceScanner - [scan,41] - Scanning for api listing references
2023-11-21 15:01:29.583 INFO l.c.S.SpringbootBaseTestApplication - [logStarted,61] - Started SpringbootBaseTestApplication in 4.138 seconds (JVM running for 4.716)
2023-11-21 15:24:53.830 INFO l.c.S.SpringbootBaseTestApplication - [logStarting,55] - Starting SpringbootBaseTestApplication using Java 1.8.0_91 on LAPTOP-4NJ4OJED with PID 3360 (E:\StudyDemo\Java_Demo\SpringbootBase_test\target\classes started by zz in E:\StudyDemo\Java_Demo)
2023-11-21 15:24:53.835 INFO l.c.S.SpringbootBaseTestApplication - [logStartupProfileInfo,640] - The following 1 profile is active: "data"
2023-11-21 15:24:56.437 INFO o.a.c.h.Http11NioProtocol - [log,173] - Initializing ProtocolHandler ["http-nio-16000"]
2023-11-21 15:24:56.437 INFO o.a.c.c.StandardService - [log,173] - Starting service [Tomcat]
2023-11-21 15:24:56.438 INFO o.a.c.c.StandardEngine - [log,173] - Starting Servlet engine: [Apache Tomcat/9.0.63]
2023-11-21 15:24:56.639 INFO o.a.c.c.C.[.[.[/javaDemo] - [log,173] - Initializing Spring embedded WebApplicationContext
2023-11-21 15:24:57.512 INFO s.d.s.w.PropertySourcedRequestMappingHandlerMapping - [initHandlerMethods,69] - Mapped URL path [/v2/api-docs] onto method [springfox.documentation.swagger2.web.Swagger2Controller#getDocumentation(String, HttpServletRequest)]
2023-11-21 15:24:57.868 INFO o.a.c.h.Http11NioProtocol - [log,173] - Starting ProtocolHandler ["http-nio-16000"]
2023-11-21 15:24:57.894 INFO s.d.s.w.p.DocumentationPluginsBootstrapper - [start,160] - Context refreshed
2023-11-21 15:24:57.927 INFO s.d.s.w.p.DocumentationPluginsBootstrapper - [start,163] - Found 1 custom documentation plugin(s)
2023-11-21 15:24:57.969 INFO s.d.s.w.s.ApiListingReferenceScanner - [scan,41] - Scanning for api listing references
2023-11-21 15:24:58.201 INFO l.c.S.SpringbootBaseTestApplication - [logStarted,61] - Started SpringbootBaseTestApplication in 4.999 seconds (JVM running for 5.634)
2023-11-21 15:26:52.779 INFO o.a.c.c.C.[.[.[/javaDemo] - [log,173] - Initializing Spring DispatcherServlet 'dispatcherServlet'
2023-11-21 15:32:07.813 INFO l.c.S.SpringbootBaseMybatisApplication - [logStarting,55] - Starting SpringbootBaseMybatisApplication using Java 1.8.0_91 on LAPTOP-4NJ4OJED with PID 33888 (E:\StudyDemo\Java_Demo\SpringbootBase_test\target\classes started by zz in E:\StudyDemo\Java_Demo)
2023-11-21 15:32:07.818 INFO l.c.S.SpringbootBaseMybatisApplication - [logStartupProfileInfo,640] - The following 1 profile is active: "data"
2023-11-21 15:32:10.228 INFO o.a.c.h.Http11NioProtocol - [log,173] - Initializing ProtocolHandler ["http-nio-16000"]
2023-11-21 15:32:10.229 INFO o.a.c.c.StandardService - [log,173] - Starting service [Tomcat]
2023-11-21 15:32:10.229 INFO o.a.c.c.StandardEngine - [log,173] - Starting Servlet engine: [Apache Tomcat/9.0.63]
2023-11-21 15:32:10.462 INFO o.a.c.c.C.[.[.[/javaDemo] - [log,173] - Initializing Spring embedded WebApplicationContext
2023-11-21 15:32:11.265 INFO s.d.s.w.PropertySourcedRequestMappingHandlerMapping - [initHandlerMethods,69] - Mapped URL path [/v2/api-docs] onto method [springfox.documentation.swagger2.web.Swagger2Controller#getDocumentation(String, HttpServletRequest)]
2023-11-21 15:32:11.600 INFO o.a.c.h.Http11NioProtocol - [log,173] - Starting ProtocolHandler ["http-nio-16000"]
2023-11-21 15:32:11.631 INFO s.d.s.w.p.DocumentationPluginsBootstrapper - [start,160] - Context refreshed
2023-11-21 15:32:11.674 INFO s.d.s.w.p.DocumentationPluginsBootstrapper - [start,163] - Found 1 custom documentation plugin(s)
2023-11-21 15:32:11.729 INFO s.d.s.w.s.ApiListingReferenceScanner - [scan,41] - Scanning for api listing references
2023-11-21 15:32:11.978 INFO l.c.S.SpringbootBaseMybatisApplication - [logStarted,61] - Started SpringbootBaseMybatisApplication in 4.767 seconds (JVM running for 5.387)
2023-11-21 15:32:16.306 INFO o.a.c.c.C.[.[.[/javaDemo] - [log,173] - Initializing Spring DispatcherServlet 'dispatcherServlet'
2023-11-21 15:47:12.979 INFO l.c.S.SpringbootBaseMybatisApplication - [logStarting,55] - Starting SpringbootBaseMybatisApplication using Java 1.8.0_91 on LAPTOP-4NJ4OJED with PID 34608 (E:\StudyDemo\Java_Demo\SpringbootBase_test\target\classes started by zz in E:\StudyDemo\Java_Demo)
2023-11-21 15:47:12.984 INFO l.c.S.SpringbootBaseMybatisApplication - [logStartupProfileInfo,640] - The following 1 profile is active: "data"
2023-11-21 15:47:15.250 INFO o.a.c.h.Http11NioProtocol - [log,173] - Initializing ProtocolHandler ["http-nio-16000"]
2023-11-21 15:47:15.251 INFO o.a.c.c.StandardService - [log,173] - Starting service [Tomcat]
2023-11-21 15:47:15.252 INFO o.a.c.c.StandardEngine - [log,173] - Starting Servlet engine: [Apache Tomcat/9.0.63]
2023-11-21 15:47:15.443 INFO o.a.c.c.C.[.[.[/javaDemo] - [log,173] - Initializing Spring embedded WebApplicationContext
2023-11-21 15:47:16.258 INFO s.d.s.w.PropertySourcedRequestMappingHandlerMapping - [initHandlerMethods,69] - Mapped URL path [/v2/api-docs] onto method [springfox.documentation.swagger2.web.Swagger2Controller#getDocumentation(String, HttpServletRequest)]
2023-11-21 15:47:16.581 INFO o.a.c.h.Http11NioProtocol - [log,173] - Starting ProtocolHandler ["http-nio-16000"]
2023-11-21 15:47:16.608 INFO s.d.s.w.p.DocumentationPluginsBootstrapper - [start,160] - Context refreshed
2023-11-21 15:47:16.645 INFO s.d.s.w.p.DocumentationPluginsBootstrapper - [start,163] - Found 1 custom documentation plugin(s)
2023-11-21 15:47:16.688 INFO s.d.s.w.s.ApiListingReferenceScanner - [scan,41] - Scanning for api listing references
2023-11-21 15:47:16.884 INFO l.c.S.SpringbootBaseMybatisApplication - [logStarted,61] - Started SpringbootBaseMybatisApplication in 4.373 seconds (JVM running for 4.982)
2023-11-21 15:47:25.541 INFO o.a.c.c.C.[.[.[/javaDemo] - [log,173] - Initializing Spring DispatcherServlet 'dispatcherServlet'
2023-11-21 16:49:03.437 INFO l.c.S.SpringbootBaseMybatisApplication - [logStarting,55] - Starting SpringbootBaseMybatisApplication using Java 1.8.0_91 on LAPTOP-4NJ4OJED with PID 28624 (E:\StudyDemo\Java_Demo\SpringbootBase_test\target\classes started by zz in E:\StudyDemo\Java_Demo)
2023-11-21 16:49:03.442 INFO l.c.S.SpringbootBaseMybatisApplication - [logStartupProfileInfo,640] - The following 1 profile is active: "multidata"
2023-11-21 16:49:06.499 INFO o.a.c.h.Http11NioProtocol - [log,173] - Initializing ProtocolHandler ["http-nio-16000"]
2023-11-21 16:49:06.499 INFO o.a.c.c.StandardService - [log,173] - Starting service [Tomcat]
2023-11-21 16:49:06.500 INFO o.a.c.c.StandardEngine - [log,173] - Starting Servlet engine: [Apache Tomcat/9.0.63]
2023-11-21 16:49:06.735 INFO o.a.c.c.C.[.[.[/javaDemo] - [log,173] - Initializing Spring embedded WebApplicationContext
2023-11-21 16:49:06.850 INFO o.a.c.c.StandardService - [log,173] - Stopping service [Tomcat]
2023-11-21 16:51:30.395 INFO l.c.S.SpringbootBaseMybatisApplication - [logStarting,55] - Starting SpringbootBaseMybatisApplication using Java 1.8.0_91 on LAPTOP-4NJ4OJED with PID 15740 (E:\StudyDemo\Java_Demo\SpringbootBase_test\target\classes started by zz in E:\StudyDemo\Java_Demo)
2023-11-21 16:51:30.399 INFO l.c.S.SpringbootBaseMybatisApplication - [logStartupProfileInfo,640] - The following 1 profile is active: "multidata"
2023-11-21 16:51:33.280 INFO o.a.c.h.Http11NioProtocol - [log,173] - Initializing ProtocolHandler ["http-nio-16000"]
2023-11-21 16:51:33.282 INFO o.a.c.c.StandardService - [log,173] - Starting service [Tomcat]
2023-11-21 16:51:33.282 INFO o.a.c.c.StandardEngine - [log,173] - Starting Servlet engine: [Apache Tomcat/9.0.63]
2023-11-21 16:51:33.558 INFO o.a.c.c.C.[.[.[/javaDemo] - [log,173] - Initializing Spring embedded WebApplicationContext
2023-11-21 16:51:33.703 INFO o.a.c.c.StandardService - [log,173] - Stopping service [Tomcat]
2023-11-21 16:59:30.902 INFO l.c.S.SpringbootBaseMybatisApplication - [logStarting,55] - Starting SpringbootBaseMybatisApplication using Java 1.8.0_91 on LAPTOP-4NJ4OJED with PID 32500 (E:\StudyDemo\Java_Demo\SpringbootBase_test\target\classes started by zz in E:\StudyDemo\Java_Demo)
2023-11-21 16:59:30.910 INFO l.c.S.SpringbootBaseMybatisApplication - [logStartupProfileInfo,640] - The following 1 profile is active: "multidata"
2023-11-21 16:59:33.678 INFO o.a.c.h.Http11NioProtocol - [log,173] - Initializing ProtocolHandler ["http-nio-16000"]
2023-11-21 16:59:33.679 INFO o.a.c.c.StandardService - [log,173] - Starting service [Tomcat]
2023-11-21 16:59:33.680 INFO o.a.c.c.StandardEngine - [log,173] - Starting Servlet engine: [Apache Tomcat/9.0.63]
2023-11-21 16:59:33.990 INFO o.a.c.c.C.[.[.[/javaDemo] - [log,173] - Initializing Spring embedded WebApplicationContext
2023-11-21 16:59:34.100 INFO o.a.c.c.StandardService - [log,173] - Stopping service [Tomcat]
2023-11-21 17:19:50.992 INFO l.c.S.SpringbootBaseMybatisApplication - [logStarting,55] - Starting SpringbootBaseMybatisApplication using Java 1.8.0_91 on LAPTOP-4NJ4OJED with PID 34664 (E:\StudyDemo\Java_Demo\SpringbootBase_test\target\classes started by zz in E:\StudyDemo\Java_Demo)
2023-11-21 17:19:51.015 INFO l.c.S.SpringbootBaseMybatisApplication - [logStartupProfileInfo,640] - The following 1 profile is active: "multidata"
2023-11-21 17:19:55.069 INFO o.a.c.h.Http11NioProtocol - [log,173] - Initializing ProtocolHandler ["http-nio-16000"]
2023-11-21 17:19:55.070 INFO o.a.c.c.StandardService - [log,173] - Starting service [Tomcat]
2023-11-21 17:19:55.070 INFO o.a.c.c.StandardEngine - [log,173] - Starting Servlet engine: [Apache Tomcat/9.0.63]
2023-11-21 17:19:55.801 INFO o.a.c.c.C.[.[.[/javaDemo] - [log,173] - Initializing Spring embedded WebApplicationContext
2023-11-21 17:19:56.028 INFO o.a.c.c.StandardService - [log,173] - Stopping service [Tomcat]
2023-11-21 17:22:24.978 INFO l.c.S.SpringbootBaseMybatisApplication - [logStarting,55] - Starting SpringbootBaseMybatisApplication using Java 1.8.0_91 on LAPTOP-4NJ4OJED with PID 11312 (E:\StudyDemo\Java_Demo\SpringbootBase_test\target\classes started by zz in E:\StudyDemo\Java_Demo)
2023-11-21 17:22:24.982 INFO l.c.S.SpringbootBaseMybatisApplication - [logStartupProfileInfo,640] - The following 1 profile is active: "multidata"
2023-11-21 17:22:28.415 INFO o.a.c.h.Http11NioProtocol - [log,173] - Initializing ProtocolHandler ["http-nio-16000"]
2023-11-21 17:22:28.415 INFO o.a.c.c.StandardService - [log,173] - Starting service [Tomcat]
2023-11-21 17:22:28.416 INFO o.a.c.c.StandardEngine - [log,173] - Starting Servlet engine: [Apache Tomcat/9.0.63]
2023-11-21 17:22:28.766 INFO o.a.c.c.C.[.[.[/javaDemo] - [log,173] - Initializing Spring embedded WebApplicationContext
2023-11-21 17:22:28.929 INFO o.a.c.c.StandardService - [log,173] - Stopping service [Tomcat]
2023-11-21 17:25:12.410 INFO l.c.S.SpringbootBaseMybatisApplication - [logStarting,55] - Starting SpringbootBaseMybatisApplication using Java 1.8.0_91 on LAPTOP-4NJ4OJED with PID 25224 (E:\StudyDemo\Java_Demo\SpringbootBase_test\target\classes started by zz in E:\StudyDemo\Java_Demo)
2023-11-21 17:25:12.414 INFO l.c.S.SpringbootBaseMybatisApplication - [logStartupProfileInfo,640] - The following 1 profile is active: "multidata"
2023-11-21 17:25:14.534 INFO o.a.c.h.Http11NioProtocol - [log,173] - Initializing ProtocolHandler ["http-nio-16000"]
2023-11-21 17:25:14.534 INFO o.a.c.c.StandardService - [log,173] - Starting service [Tomcat]
2023-11-21 17:25:14.535 INFO o.a.c.c.StandardEngine - [log,173] - Starting Servlet engine: [Apache Tomcat/9.0.63]
2023-11-21 17:25:14.753 INFO o.a.c.c.C.[.[.[/javaDemo] - [log,173] - Initializing Spring embedded WebApplicationContext
2023-11-21 17:25:14.871 INFO o.a.c.c.StandardService - [log,173] - Stopping service [Tomcat]
2023-11-21 17:38:45.846 INFO l.c.S.SpringbootBaseMybatisApplication - [logStarting,55] - Starting SpringbootBaseMybatisApplication using Java 1.8.0_91 on LAPTOP-4NJ4OJED with PID 32920 (E:\StudyDemo\Java_Demo\SpringbootBase_test\target\classes started by zz in E:\StudyDemo\Java_Demo)
2023-11-21 17:38:45.860 INFO l.c.S.SpringbootBaseMybatisApplication - [logStartupProfileInfo,664] - The following profiles are active: multidata
2023-11-21 17:38:49.016 INFO o.a.c.h.Http11NioProtocol - [log,173] - Initializing ProtocolHandler ["http-nio-16000"]
2023-11-21 17:38:49.017 INFO o.a.c.c.StandardService - [log,173] - Starting service [Tomcat]
2023-11-21 17:38:49.017 INFO o.a.c.c.StandardEngine - [log,173] - Starting Servlet engine: [Apache Tomcat/9.0.39]
2023-11-21 17:38:49.219 INFO o.a.c.c.C.[.[.[/javaDemo] - [log,173] - Initializing Spring embedded WebApplicationContext
2023-11-21 17:38:49.349 INFO o.a.c.c.StandardService - [log,173] - Stopping service [Tomcat]
2023-11-21 17:43:47.370 INFO l.c.S.SpringbootBaseMybatisApplication - [logStarting,55] - Starting SpringbootBaseMybatisApplication using Java 1.8.0_91 on LAPTOP-4NJ4OJED with PID 20208 (E:\StudyDemo\Java_Demo\SpringbootBase_test\target\classes started by zz in E:\StudyDemo\Java_Demo)
2023-11-21 17:43:47.375 INFO l.c.S.SpringbootBaseMybatisApplication - [logStartupProfileInfo,664] - The following profiles are active: multidata
2023-11-21 17:43:50.267 INFO o.a.c.h.Http11NioProtocol - [log,173] - Initializing ProtocolHandler ["http-nio-16000"]
2023-11-21 17:43:50.268 INFO o.a.c.c.StandardService - [log,173] - Starting service [Tomcat]
2023-11-21 17:43:50.268 INFO o.a.c.c.StandardEngine - [log,173] - Starting Servlet engine: [Apache Tomcat/9.0.39]
2023-11-21 17:43:50.390 INFO o.a.c.c.C.[.[.[/javaDemo] - [log,173] - Initializing Spring embedded WebApplicationContext
2023-11-21 17:43:50.717 INFO c.a.d.s.b.a.DruidDataSourceAutoConfigure - [dataSource,55] - Init DruidDataSource
2023-11-21 17:43:50.870 INFO o.a.c.c.StandardService - [log,173] - Stopping service [Tomcat]
2023-11-21 17:47:17.924 INFO l.c.S.SpringbootBaseMybatisApplication - [logStarting,55] - Starting SpringbootBaseMybatisApplication using Java 1.8.0_91 on LAPTOP-4NJ4OJED with PID 29976 (E:\StudyDemo\Java_Demo\SpringbootBase_test\target\classes started by zz in E:\StudyDemo\Java_Demo)
2023-11-21 17:47:17.928 INFO l.c.S.SpringbootBaseMybatisApplication - [logStartupProfileInfo,664] - The following profiles are active: multidata
2023-11-21 17:47:20.617 INFO o.a.c.h.Http11NioProtocol - [log,173] - Initializing ProtocolHandler ["http-nio-16000"]
2023-11-21 17:47:20.618 INFO o.a.c.c.StandardService - [log,173] - Starting service [Tomcat]
2023-11-21 17:47:20.618 INFO o.a.c.c.StandardEngine - [log,173] - Starting Servlet engine: [Apache Tomcat/9.0.39]
2023-11-21 17:47:20.733 INFO o.a.c.c.C.[.[.[/javaDemo] - [log,173] - Initializing Spring embedded WebApplicationContext
2023-11-21 17:47:20.858 INFO o.a.c.c.StandardService - [log,173] - Stopping service [Tomcat]
2023-11-21 17:52:30.143 INFO l.c.S.SpringbootBaseMybatisApplication - [logStarting,55] - Starting SpringbootBaseMybatisApplication using Java 1.8.0_91 on LAPTOP-4NJ4OJED with PID 27240 (E:\StudyDemo\Java_Demo\SpringbootBase_test\target\classes started by zz in E:\StudyDemo\Java_Demo)
2023-11-21 17:52:30.148 INFO l.c.S.SpringbootBaseMybatisApplication - [logStartupProfileInfo,664] - The following profiles are active: multidata
2023-11-21 17:52:33.095 INFO o.a.c.h.Http11NioProtocol - [log,173] - Initializing ProtocolHandler ["http-nio-16000"]
2023-11-21 17:52:33.096 INFO o.a.c.c.StandardService - [log,173] - Starting service [Tomcat]
2023-11-21 17:52:33.096 INFO o.a.c.c.StandardEngine - [log,173] - Starting Servlet engine: [Apache Tomcat/9.0.39]
2023-11-21 17:52:33.278 INFO o.a.c.c.C.[.[.[/javaDemo] - [log,173] - Initializing Spring embedded WebApplicationContext
2023-11-21 17:52:33.751 INFO c.a.d.p.DruidDataSource - [init,996] - {dataSource-1,His} inited
2023-11-21 17:52:33.754 INFO c.a.d.p.DruidDataSource - [init,996] - {dataSource-2,Cis} inited
2023-11-21 17:52:33.755 INFO c.b.d.d.DynamicRoutingDataSource - [addDataSource,154] - dynamic-datasource - add a datasource named [His] success
2023-11-21 17:52:33.757 INFO c.b.d.d.DynamicRoutingDataSource - [addDataSource,154] - dynamic-datasource - add a datasource named [Cis] success
2023-11-21 17:52:33.758 INFO c.b.d.d.DynamicRoutingDataSource - [afterPropertiesSet,234] - dynamic-datasource initial loaded [2] datasource,primary datasource named [His]
2023-11-21 17:52:34.111 INFO c.b.d.d.DynamicRoutingDataSource - [destroy,211] - dynamic-datasource start closing ....
2023-11-21 17:52:34.113 INFO c.a.d.p.DruidDataSource - [close,2138] - {dataSource-1} closing ...
2023-11-21 17:52:34.113 INFO c.a.d.p.DruidDataSource - [close,2211] - {dataSource-1} closed
2023-11-21 17:52:34.114 INFO c.a.d.p.DruidDataSource - [close,2138] - {dataSource-2} closing ...
2023-11-21 17:52:34.114 INFO c.a.d.p.DruidDataSource - [close,2211] - {dataSource-2} closed
2023-11-21 17:52:34.114 INFO c.b.d.d.DynamicRoutingDataSource - [destroy,215] - dynamic-datasource all closed success,bye
2023-11-21 17:52:34.118 INFO o.a.c.c.StandardService - [log,173] - Stopping service [Tomcat]
2023-11-21 17:54:32.781 INFO l.c.S.SpringbootBaseMybatisApplication - [logStarting,55] - Starting SpringbootBaseMybatisApplication using Java 1.8.0_91 on LAPTOP-4NJ4OJED with PID 32208 (E:\StudyDemo\Java_Demo\SpringbootBase_test\target\classes started by zz in E:\StudyDemo\Java_Demo)
2023-11-21 17:54:32.784 INFO l.c.S.SpringbootBaseMybatisApplication - [logStartupProfileInfo,664] - The following profiles are active: multidata
2023-11-21 17:54:35.455 INFO o.a.c.h.Http11NioProtocol - [log,173] - Initializing ProtocolHandler ["http-nio-16000"]
2023-11-21 17:54:35.455 INFO o.a.c.c.StandardService - [log,173] - Starting service [Tomcat]
2023-11-21 17:54:35.456 INFO o.a.c.c.StandardEngine - [log,173] - Starting Servlet engine: [Apache Tomcat/9.0.39]
2023-11-21 17:54:35.634 INFO o.a.c.c.C.[.[.[/javaDemo] - [log,173] - Initializing Spring embedded WebApplicationContext
2023-11-21 17:54:36.003 INFO c.a.d.p.DruidDataSource - [init,996] - {dataSource-1,His} inited
2023-11-21 17:54:36.005 INFO c.a.d.p.DruidDataSource - [init,996] - {dataSource-2,Cis} inited
2023-11-21 17:54:36.006 INFO c.b.d.d.DynamicRoutingDataSource - [addDataSource,154] - dynamic-datasource - add a datasource named [His] success
2023-11-21 17:54:36.008 INFO c.b.d.d.DynamicRoutingDataSource - [addDataSource,154] - dynamic-datasource - add a datasource named [Cis] success
2023-11-21 17:54:36.008 INFO c.b.d.d.DynamicRoutingDataSource - [afterPropertiesSet,234] - dynamic-datasource initial loaded [2] datasource,primary datasource named [His]
2023-11-21 17:54:36.226 INFO c.b.d.d.DynamicRoutingDataSource - [destroy,211] - dynamic-datasource start closing ....
2023-11-21 17:54:36.228 INFO c.a.d.p.DruidDataSource - [close,2138] - {dataSource-1} closing ...
2023-11-21 17:54:36.229 INFO c.a.d.p.DruidDataSource - [close,2211] - {dataSource-1} closed
2023-11-21 17:54:36.229 INFO c.a.d.p.DruidDataSource - [close,2138] - {dataSource-2} closing ...
2023-11-21 17:54:36.229 INFO c.a.d.p.DruidDataSource - [close,2211] - {dataSource-2} closed
2023-11-21 17:54:36.230 INFO c.b.d.d.DynamicRoutingDataSource - [destroy,215] - dynamic-datasource all closed success,bye
2023-11-21 17:54:36.232 INFO o.a.c.c.StandardService - [log,173] - Stopping service [Tomcat]
2023-11-21 17:58:55.201 INFO l.c.S.SpringbootBaseMybatisApplication - [logStarting,55] - Starting SpringbootBaseMybatisApplication using Java 1.8.0_91 on LAPTOP-4NJ4OJED with PID 34476 (E:\StudyDemo\Java_Demo\SpringbootBase_test\target\classes started by zz in E:\StudyDemo\Java_Demo)
2023-11-21 17:58:55.204 INFO l.c.S.SpringbootBaseMybatisApplication - [logStartupProfileInfo,664] - The following profiles are active: multidata
2023-11-21 17:58:57.225 INFO o.a.c.h.Http11NioProtocol - [log,173] - Initializing ProtocolHandler ["http-nio-16000"]
2023-11-21 17:58:57.226 INFO o.a.c.c.StandardService - [log,173] - Starting service [Tomcat]
2023-11-21 17:58:57.226 INFO o.a.c.c.StandardEngine - [log,173] - Starting Servlet engine: [Apache Tomcat/9.0.39]
2023-11-21 17:58:57.388 INFO o.a.c.c.C.[.[.[/javaDemo] - [log,173] - Initializing Spring embedded WebApplicationContext
2023-11-21 17:58:57.750 INFO c.a.d.p.DruidDataSource - [init,996] - {dataSource-1,His} inited
2023-11-21 17:58:57.754 INFO c.a.d.p.DruidDataSource - [init,996] - {dataSource-2,Cis} inited
2023-11-21 17:58:57.754 INFO c.b.d.d.DynamicRoutingDataSource - [addDataSource,154] - dynamic-datasource - add a datasource named [His] success
2023-11-21 17:58:57.756 INFO c.b.d.d.DynamicRoutingDataSource - [addDataSource,154] - dynamic-datasource - add a datasource named [Cis] success
2023-11-21 17:58:57.756 INFO c.b.d.d.DynamicRoutingDataSource - [afterPropertiesSet,234] - dynamic-datasource initial loaded [2] datasource,primary datasource named [His]
2023-11-21 17:58:57.997 INFO c.b.d.d.DynamicRoutingDataSource - [destroy,211] - dynamic-datasource start closing ....
2023-11-21 17:58:58.000 INFO c.a.d.p.DruidDataSource - [close,2138] - {dataSource-1} closing ...
2023-11-21 17:58:58.002 INFO c.a.d.p.DruidDataSource - [close,2211] - {dataSource-1} closed
2023-11-21 17:58:58.002 INFO c.a.d.p.DruidDataSource - [close,2138] - {dataSource-2} closing ...
2023-11-21 17:58:58.004 INFO c.a.d.p.DruidDataSource - [close,2211] - {dataSource-2} closed
2023-11-21 17:58:58.004 INFO c.b.d.d.DynamicRoutingDataSource - [destroy,215] - dynamic-datasource all closed success,bye
2023-11-21 17:58:58.008 INFO o.a.c.c.StandardService - [log,173] - Stopping service [Tomcat]
2023-11-21 18:00:37.281 INFO l.c.S.SpringbootBaseMybatisApplication - [logStarting,55] - Starting SpringbootBaseMybatisApplication using Java 1.8.0_91 on LAPTOP-4NJ4OJED with PID 34488 (E:\StudyDemo\Java_Demo\SpringbootBase_test\target\classes started by zz in E:\StudyDemo\Java_Demo)
2023-11-21 18:00:37.285 INFO l.c.S.SpringbootBaseMybatisApplication - [logStartupProfileInfo,664] - The following profiles are active: multidata
2023-11-21 18:00:40.454 INFO o.a.c.h.Http11NioProtocol - [log,173] - Initializing ProtocolHandler ["http-nio-16000"]
2023-11-21 18:00:40.454 INFO o.a.c.c.StandardService - [log,173] - Starting service [Tomcat]
2023-11-21 18:00:40.454 INFO o.a.c.c.StandardEngine - [log,173] - Starting Servlet engine: [Apache Tomcat/9.0.39]
2023-11-21 18:00:40.665 INFO o.a.c.c.C.[.[.[/javaDemo] - [log,173] - Initializing Spring embedded WebApplicationContext
2023-11-21 18:00:41.119 INFO c.a.d.p.DruidDataSource - [init,996] - {dataSource-1,His} inited
2023-11-21 18:00:41.122 INFO c.a.d.p.DruidDataSource - [init,996] - {dataSource-2,Cis} inited
2023-11-21 18:00:41.122 INFO c.b.d.d.DynamicRoutingDataSource - [addDataSource,154] - dynamic-datasource - add a datasource named [His] success
2023-11-21 18:00:41.125 INFO c.b.d.d.DynamicRoutingDataSource - [addDataSource,154] - dynamic-datasource - add a datasource named [Cis] success
2023-11-21 18:00:41.125 INFO c.b.d.d.DynamicRoutingDataSource - [afterPropertiesSet,234] - dynamic-datasource initial loaded [2] datasource,primary datasource named [His]
2023-11-21 18:00:41.393 INFO c.b.d.d.DynamicRoutingDataSource - [destroy,211] - dynamic-datasource start closing ....
2023-11-21 18:00:41.396 INFO c.a.d.p.DruidDataSource - [close,2138] - {dataSource-1} closing ...
2023-11-21 18:00:41.397 INFO c.a.d.p.DruidDataSource - [close,2211] - {dataSource-1} closed
2023-11-21 18:00:41.398 INFO c.a.d.p.DruidDataSource - [close,2138] - {dataSource-2} closing ...
2023-11-21 18:00:41.398 INFO c.a.d.p.DruidDataSource - [close,2211] - {dataSource-2} closed
2023-11-21 18:00:41.398 INFO c.b.d.d.DynamicRoutingDataSource - [destroy,215] - dynamic-datasource all closed success,bye
2023-11-21 18:00:41.402 INFO o.a.c.c.StandardService - [log,173] - Stopping service [Tomcat]
2023-11-21 18:05:13.426 INFO l.c.S.SpringbootBaseApplication - [logStarting,55] - Starting SpringbootBaseApplication using Java 1.8.0_91 on LAPTOP-4NJ4OJED with PID 35132 (E:\StudyDemo\Java_Demo\SpringbootBase\target\classes started by zz in E:\StudyDemo\Java_Demo)
2023-11-21 18:05:13.431 INFO l.c.S.SpringbootBaseApplication - [logStartupProfileInfo,640] - The following 1 profile is active: "data"
2023-11-21 18:05:15.534 INFO o.a.c.h.Http11NioProtocol - [log,173] - Initializing ProtocolHandler ["http-nio-16000"]
2023-11-21 18:05:15.535 INFO o.a.c.c.StandardService - [log,173] - Starting service [Tomcat]
2023-11-21 18:05:15.535 INFO o.a.c.c.StandardEngine - [log,173] - Starting Servlet engine: [Apache Tomcat/9.0.63]
2023-11-21 18:05:15.697 INFO o.a.c.c.C.[.[.[/javaDemo] - [log,173] - Initializing Spring embedded WebApplicationContext
2023-11-21 18:05:16.460 INFO s.d.s.w.PropertySourcedRequestMappingHandlerMapping - [initHandlerMethods,69] - Mapped URL path [/v2/api-docs] onto method [springfox.documentation.swagger2.web.Swagger2Controller#getDocumentation(String, HttpServletRequest)]
2023-11-21 18:05:16.704 INFO o.a.c.h.Http11NioProtocol - [log,173] - Starting ProtocolHandler ["http-nio-16000"]
2023-11-21 18:05:16.726 INFO s.d.s.w.p.DocumentationPluginsBootstrapper - [start,160] - Context refreshed
2023-11-21 18:05:16.756 INFO s.d.s.w.p.DocumentationPluginsBootstrapper - [start,163] - Found 1 custom documentation plugin(s)
2023-11-21 18:05:16.791 INFO s.d.s.w.s.ApiListingReferenceScanner - [scan,41] - Scanning for api listing references
2023-11-21 18:05:16.977 INFO l.c.S.SpringbootBaseApplication - [logStarted,61] - Started SpringbootBaseApplication in 4.145 seconds (JVM running for 7.44)
2023-11-21 18:05:39.252 INFO l.c.S.SpringbootBaseMybatisApplication - [logStarting,55] - Starting SpringbootBaseMybatisApplication using Java 1.8.0_91 on LAPTOP-4NJ4OJED with PID 26352 (E:\StudyDemo\Java_Demo\SpringbootBase_test\target\classes started by zz in E:\StudyDemo\Java_Demo)
2023-11-21 18:05:39.257 INFO l.c.S.SpringbootBaseMybatisApplication - [logStartupProfileInfo,664] - The following profiles are active: multidata
2023-11-21 18:05:41.497 INFO o.a.c.h.Http11NioProtocol - [log,173] - Initializing ProtocolHandler ["http-nio-16000"]
2023-11-21 18:05:41.498 INFO o.a.c.c.StandardService - [log,173] - Starting service [Tomcat]
2023-11-21 18:05:41.498 INFO o.a.c.c.StandardEngine - [log,173] - Starting Servlet engine: [Apache Tomcat/9.0.39]
2023-11-21 18:05:41.670 INFO o.a.c.c.C.[.[.[/javaDemo] - [log,173] - Initializing Spring embedded WebApplicationContext
2023-11-21 18:05:42.048 INFO c.a.d.p.DruidDataSource - [init,996] - {dataSource-1,His} inited
2023-11-21 18:05:42.052 INFO c.a.d.p.DruidDataSource - [init,996] - {dataSource-2,Cis} inited
2023-11-21 18:05:42.052 INFO c.b.d.d.DynamicRoutingDataSource - [addDataSource,154] - dynamic-datasource - add a datasource named [His] success
2023-11-21 18:05:42.054 INFO c.b.d.d.DynamicRoutingDataSource - [addDataSource,154] - dynamic-datasource - add a datasource named [Cis] success
2023-11-21 18:05:42.054 INFO c.b.d.d.DynamicRoutingDataSource - [afterPropertiesSet,234] - dynamic-datasource initial loaded [2] datasource,primary datasource named [His]
2023-11-21 18:05:42.264 INFO c.b.d.d.DynamicRoutingDataSource - [destroy,211] - dynamic-datasource start closing ....
2023-11-21 18:05:42.266 INFO c.a.d.p.DruidDataSource - [close,2138] - {dataSource-1} closing ...
2023-11-21 18:05:42.267 INFO c.a.d.p.DruidDataSource - [close,2211] - {dataSource-1} closed
2023-11-21 18:05:42.267 INFO c.a.d.p.DruidDataSource - [close,2138] - {dataSource-2} closing ...
2023-11-21 18:05:42.268 INFO c.a.d.p.DruidDataSource - [close,2211] - {dataSource-2} closed
2023-11-21 18:05:42.268 INFO c.b.d.d.DynamicRoutingDataSource - [destroy,215] - dynamic-datasource all closed success,bye
2023-11-21 18:05:42.271 INFO o.a.c.c.StandardService - [log,173] - Stopping service [Tomcat]
2023-11-21 18:10:53.421 INFO l.c.S.SpringbootBaseMybatisApplication - [logStarting,55] - Starting SpringbootBaseMybatisApplication using Java 1.8.0_91 on LAPTOP-4NJ4OJED with PID 11016 (E:\StudyDemo\Java_Demo\SpringbootBase_test\target\classes started by zz in E:\StudyDemo\Java_Demo)
2023-11-21 18:10:53.426 INFO l.c.S.SpringbootBaseMybatisApplication - [logStartupProfileInfo,664] - The following profiles are active: multidata
2023-11-21 18:10:55.581 INFO o.a.c.h.Http11NioProtocol - [log,173] - Initializing ProtocolHandler ["http-nio-16000"]
2023-11-21 18:10:55.582 INFO o.a.c.c.StandardService - [log,173] - Starting service [Tomcat]
2023-11-21 18:10:55.582 INFO o.a.c.c.StandardEngine - [log,173] - Starting Servlet engine: [Apache Tomcat/9.0.39]
2023-11-21 18:10:55.758 INFO o.a.c.c.C.[.[.[/javaDemo] - [log,173] - Initializing Spring embedded WebApplicationContext
2023-11-21 18:10:56.131 INFO c.a.d.p.DruidDataSource - [init,996] - {dataSource-1,His} inited
2023-11-21 18:10:56.133 INFO c.a.d.p.DruidDataSource - [init,996] - {dataSource-2,Cis} inited
2023-11-21 18:10:56.133 INFO c.b.d.d.DynamicRoutingDataSource - [addDataSource,154] - dynamic-datasource - add a datasource named [His] success
2023-11-21 18:10:56.135 INFO c.b.d.d.DynamicRoutingDataSource - [addDataSource,154] - dynamic-datasource - add a datasource named [Cis] success
2023-11-21 18:10:56.135 INFO c.b.d.d.DynamicRoutingDataSource - [afterPropertiesSet,234] - dynamic-datasource initial loaded [2] datasource,primary datasource named [His]
2023-11-21 18:10:56.381 INFO c.b.d.d.DynamicRoutingDataSource - [destroy,211] - dynamic-datasource start closing ....
2023-11-21 18:10:56.383 INFO c.a.d.p.DruidDataSource - [close,2138] - {dataSource-1} closing ...
2023-11-21 18:10:56.384 INFO c.a.d.p.DruidDataSource - [close,2211] - {dataSource-1} closed
2023-11-21 18:10:56.384 INFO c.a.d.p.DruidDataSource - [close,2138] - {dataSource-2} closing ...
2023-11-21 18:10:56.385 INFO c.a.d.p.DruidDataSource - [close,2211] - {dataSource-2} closed
2023-11-21 18:10:56.385 INFO c.b.d.d.DynamicRoutingDataSource - [destroy,215] - dynamic-datasource all closed success,bye
2023-11-21 18:10:56.388 INFO o.a.c.c.StandardService - [log,173] - Stopping service [Tomcat]
2023-11-21 18:18:25.698 INFO l.c.S.SpringbootBaseMybatisApplication - [logStarting,55] - Starting SpringbootBaseMybatisApplication using Java 1.8.0_91 on LAPTOP-4NJ4OJED with PID 2424 (E:\StudyDemo\Java_Demo\SpringbootBase_test\target\classes started by zz in E:\StudyDemo\Java_Demo)
2023-11-21 18:18:25.711 INFO l.c.S.SpringbootBaseMybatisApplication - [logStartupProfileInfo,664] - The following profiles are active: multidata
2023-11-21 18:18:30.459 INFO o.a.c.h.Http11NioProtocol - [log,173] - Initializing ProtocolHandler ["http-nio-16000"]
2023-11-21 18:18:30.459 INFO o.a.c.c.StandardService - [log,173] - Starting service [Tomcat]
2023-11-21 18:18:30.460 INFO o.a.c.c.StandardEngine - [log,173] - Starting Servlet engine: [Apache Tomcat/9.0.39]
2023-11-21 18:18:30.703 INFO o.a.c.c.C.[.[.[/javaDemo] - [log,173] - Initializing Spring embedded WebApplicationContext
2023-11-21 18:18:31.300 INFO c.a.d.p.DruidDataSource - [init,996] - {dataSource-1,His} inited
2023-11-21 18:18:31.303 INFO c.a.d.p.DruidDataSource - [init,996] - {dataSource-2,Cis} inited
2023-11-21 18:18:31.304 INFO c.b.d.d.DynamicRoutingDataSource - [addDataSource,154] - dynamic-datasource - add a datasource named [His] success
2023-11-21 18:18:31.306 INFO c.b.d.d.DynamicRoutingDataSource - [addDataSource,154] - dynamic-datasource - add a datasource named [Cis] success
2023-11-21 18:18:31.307 INFO c.b.d.d.DynamicRoutingDataSource - [afterPropertiesSet,234] - dynamic-datasource initial loaded [2] datasource,primary datasource named [His]
2023-11-21 18:18:31.629 INFO c.b.d.d.DynamicRoutingDataSource - [destroy,211] - dynamic-datasource start closing ....
2023-11-21 18:18:31.658 INFO c.a.d.p.DruidDataSource - [close,2138] - {dataSource-1} closing ...
2023-11-21 18:18:31.659 INFO c.a.d.p.DruidDataSource - [close,2211] - {dataSource-1} closed
2023-11-21 18:18:31.660 INFO c.a.d.p.DruidDataSource - [close,2138] - {dataSource-2} closing ...
2023-11-21 18:18:31.660 INFO c.a.d.p.DruidDataSource - [close,2211] - {dataSource-2} closed
2023-11-21 18:18:31.661 INFO c.b.d.d.DynamicRoutingDataSource - [destroy,215] - dynamic-datasource all closed success,bye
2023-11-21 18:18:31.664 INFO o.a.c.c.StandardService - [log,173] - Stopping service [Tomcat]
2023-11-21 18:21:24.845 INFO l.c.S.SpringbootBaseMybatisApplication - [logStarting,55] - Starting SpringbootBaseMybatisApplication using Java 1.8.0_91 on LAPTOP-4NJ4OJED with PID 2196 (E:\StudyDemo\Java_Demo\SpringbootBase_test\target\classes started by zz in E:\StudyDemo\Java_Demo)
2023-11-21 18:21:24.847 INFO l.c.S.SpringbootBaseMybatisApplication - [logStartupProfileInfo,664] - The following profiles are active: multidata
2023-11-21 18:21:26.763 INFO o.a.c.h.Http11NioProtocol - [log,173] - Initializing ProtocolHandler ["http-nio-16000"]
2023-11-21 18:21:26.763 INFO o.a.c.c.StandardService - [log,173] - Starting service [Tomcat]
2023-11-21 18:21:26.764 INFO o.a.c.c.StandardEngine - [log,173] - Starting Servlet engine: [Apache Tomcat/9.0.39]
2023-11-21 18:21:26.964 INFO o.a.c.c.C.[.[.[/javaDemo] - [log,173] - Initializing Spring embedded WebApplicationContext
2023-11-21 18:21:27.328 INFO c.a.d.p.DruidDataSource - [init,996] - {dataSource-1,His} inited
2023-11-21 18:21:27.331 INFO c.a.d.p.DruidDataSource - [init,996] - {dataSource-2,Cis} inited
2023-11-21 18:21:27.332 INFO c.b.d.d.DynamicRoutingDataSource - [addDataSource,154] - dynamic-datasource - add a datasource named [His] success
2023-11-21 18:21:27.334 INFO c.b.d.d.DynamicRoutingDataSource - [addDataSource,154] - dynamic-datasource - add a datasource named [Cis] success
2023-11-21 18:21:27.335 INFO c.b.d.d.DynamicRoutingDataSource - [afterPropertiesSet,234] - dynamic-datasource initial loaded [2] datasource,primary datasource named [His]
2023-11-21 18:21:27.561 INFO c.b.d.d.DynamicRoutingDataSource - [destroy,211] - dynamic-datasource start closing ....
2023-11-21 18:21:27.564 INFO c.a.d.p.DruidDataSource - [close,2138] - {dataSource-1} closing ...
2023-11-21 18:21:27.565 INFO c.a.d.p.DruidDataSource - [close,2211] - {dataSource-1} closed
2023-11-21 18:21:27.565 INFO c.a.d.p.DruidDataSource - [close,2138] - {dataSource-2} closing ...
2023-11-21 18:21:27.565 INFO c.a.d.p.DruidDataSource - [close,2211] - {dataSource-2} closed
2023-11-21 18:21:27.566 INFO c.b.d.d.DynamicRoutingDataSource - [destroy,215] - dynamic-datasource all closed success,bye
2023-11-21 18:21:27.569 INFO o.a.c.c.StandardService - [log,173] - Stopping service [Tomcat]
2023-11-21 18:24:27.804 INFO l.c.S.SpringbootBaseMybatisApplication - [logStarting,55] - Starting SpringbootBaseMybatisApplication using Java 1.8.0_91 on LAPTOP-4NJ4OJED with PID 10712 (E:\StudyDemo\Java_Demo\SpringbootBase_test\target\classes started by zz in E:\StudyDemo\Java_Demo)
2023-11-21 18:24:27.807 INFO l.c.S.SpringbootBaseMybatisApplication - [logStartupProfileInfo,664] - The following profiles are active: multidata
2023-11-21 18:24:29.529 INFO o.a.c.h.Http11NioProtocol - [log,173] - Initializing ProtocolHandler ["http-nio-16000"]
2023-11-21 18:24:29.530 INFO o.a.c.c.StandardService - [log,173] - Starting service [Tomcat]
2023-11-21 18:24:29.530 INFO o.a.c.c.StandardEngine - [log,173] - Starting Servlet engine: [Apache Tomcat/9.0.39]
2023-11-21 18:24:29.677 INFO o.a.c.c.C.[.[.[/javaDemo] - [log,173] - Initializing Spring embedded WebApplicationContext
2023-11-21 18:24:30.849 INFO s.d.s.w.PropertySourcedRequestMappingHandlerMapping - [initHandlerMethods,69] - Mapped URL path [/v2/api-docs] onto method [springfox.documentation.swagger2.web.Swagger2Controller#getDocumentation(String, HttpServletRequest)]
2023-11-21 18:24:31.349 INFO c.a.d.p.DruidDataSource - [init,996] - {dataSource-1,His} inited
2023-11-21 18:24:31.351 INFO c.a.d.p.DruidDataSource - [init,996] - {dataSource-2,Cis} inited
2023-11-21 18:24:31.352 INFO c.b.d.d.DynamicRoutingDataSource - [addDataSource,154] - dynamic-datasource - add a datasource named [His] success
2023-11-21 18:24:31.353 INFO c.b.d.d.DynamicRoutingDataSource - [addDataSource,154] - dynamic-datasource - add a datasource named [Cis] success
2023-11-21 18:24:31.353 INFO c.b.d.d.DynamicRoutingDataSource - [afterPropertiesSet,234] - dynamic-datasource initial loaded [2] datasource,primary datasource named [His]
2023-11-21 18:24:31.592 INFO c.b.d.d.DynamicRoutingDataSource - [destroy,211] - dynamic-datasource start closing ....
2023-11-21 18:24:31.596 INFO c.a.d.p.DruidDataSource - [close,2138] - {dataSource-1} closing ...
2023-11-21 18:24:31.597 INFO c.a.d.p.DruidDataSource - [close,2211] - {dataSource-1} closed
2023-11-21 18:24:31.597 INFO c.a.d.p.DruidDataSource - [close,2138] - {dataSource-2} closing ...
2023-11-21 18:24:31.598 INFO c.a.d.p.DruidDataSource - [close,2211] - {dataSource-2} closed
2023-11-21 18:24:31.598 INFO c.b.d.d.DynamicRoutingDataSource - [destroy,215] - dynamic-datasource all closed success,bye
2023-11-21 18:24:31.604 INFO o.a.c.c.StandardService - [log,173] - Stopping service [Tomcat]
2023-11-21 18:28:51.279 INFO l.c.S.SpringbootMybatisApplication - [logStarting,55] - Starting SpringbootMybatisApplication using Java 1.8.0_91 on LAPTOP-4NJ4OJED with PID 3968 (E:\StudyDemo\Java_Demo\Springboot_mybatis\target\classes started by zz in E:\StudyDemo\Java_Demo)
2023-11-21 18:28:51.293 INFO l.c.S.SpringbootMybatisApplication - [logStartupProfileInfo,640] - The following 1 profile is active: "data"
2023-11-21 18:28:53.445 INFO o.a.c.h.Http11NioProtocol - [log,173] - Initializing ProtocolHandler ["http-nio-16000"]
2023-11-21 18:28:53.445 INFO o.a.c.c.StandardService - [log,173] - Starting service [Tomcat]
2023-11-21 18:28:53.446 INFO o.a.c.c.StandardEngine - [log,173] - Starting Servlet engine: [Apache Tomcat/9.0.63]
2023-11-21 18:28:53.651 INFO o.a.c.c.C.[.[.[/javaDemo] - [log,173] - Initializing Spring embedded WebApplicationContext
2023-11-21 18:28:54.314 INFO s.d.s.w.PropertySourcedRequestMappingHandlerMapping - [initHandlerMethods,69] - Mapped URL path [/v2/api-docs] onto method [springfox.documentation.swagger2.web.Swagger2Controller#getDocumentation(String, HttpServletRequest)]
2023-11-21 18:28:54.584 INFO o.a.c.h.Http11NioProtocol - [log,173] - Starting ProtocolHandler ["http-nio-16000"]
2023-11-21 18:28:54.601 INFO s.d.s.w.p.DocumentationPluginsBootstrapper - [start,160] - Context refreshed
2023-11-21 18:28:54.653 INFO s.d.s.w.p.DocumentationPluginsBootstrapper - [start,163] - Found 1 custom documentation plugin(s)
2023-11-21 18:28:54.696 INFO s.d.s.w.s.ApiListingReferenceScanner - [scan,41] - Scanning for api listing references
2023-11-21 18:28:54.942 INFO l.c.S.SpringbootMybatisApplication - [logStarted,61] - Started SpringbootMybatisApplication in 4.751 seconds (JVM running for 6.305)
2023-11-21 18:31:04.681 INFO l.c.S.SpringbootMybatisApplication - [logStarting,55] - Starting SpringbootMybatisApplication using Java 1.8.0_91 on LAPTOP-4NJ4OJED with PID 12248 (E:\StudyDemo\Java_Demo\Springboot_mybatis\target\classes started by zz in E:\StudyDemo\Java_Demo)
2023-11-21 18:31:04.684 INFO l.c.S.SpringbootMybatisApplication - [logStartupProfileInfo,664] - The following profiles are active: multidata
2023-11-21 18:31:06.364 INFO o.a.c.h.Http11NioProtocol - [log,173] - Initializing ProtocolHandler ["http-nio-16000"]
2023-11-21 18:31:06.364 INFO o.a.c.c.StandardService - [log,173] - Starting service [Tomcat]
2023-11-21 18:31:06.365 INFO o.a.c.c.StandardEngine - [log,173] - Starting Servlet engine: [Apache Tomcat/9.0.39]
2023-11-21 18:31:06.501 INFO o.a.c.c.C.[.[.[/javaDemo] - [log,173] - Initializing Spring embedded WebApplicationContext
2023-11-21 18:31:06.761 INFO c.a.d.p.DruidDataSource - [init,996] - {dataSource-1,His} inited
2023-11-21 18:31:06.763 INFO c.a.d.p.DruidDataSource - [init,996] - {dataSource-2,Cis} inited
2023-11-21 18:31:06.764 INFO c.b.d.d.DynamicRoutingDataSource - [addDataSource,154] - dynamic-datasource - add a datasource named [His] success
2023-11-21 18:31:06.765 INFO c.b.d.d.DynamicRoutingDataSource - [addDataSource,154] - dynamic-datasource - add a datasource named [Cis] success
2023-11-21 18:31:06.765 INFO c.b.d.d.DynamicRoutingDataSource - [afterPropertiesSet,234] - dynamic-datasource initial loaded [2] datasource,primary datasource named [His]
2023-11-21 18:31:06.870 INFO c.b.d.d.DynamicRoutingDataSource - [destroy,211] - dynamic-datasource start closing ....
2023-11-21 18:31:06.872 INFO c.a.d.p.DruidDataSource - [close,2138] - {dataSource-1} closing ...
2023-11-21 18:31:06.873 INFO c.a.d.p.DruidDataSource - [close,2211] - {dataSource-1} closed
2023-11-21 18:31:06.873 INFO c.a.d.p.DruidDataSource - [close,2138] - {dataSource-2} closing ...
2023-11-21 18:31:06.873 INFO c.a.d.p.DruidDataSource - [close,2211] - {dataSource-2} closed
2023-11-21 18:31:06.874 INFO c.b.d.d.DynamicRoutingDataSource - [destroy,215] - dynamic-datasource all closed success,bye
2023-11-21 18:31:06.876 INFO o.a.c.c.StandardService - [log,173] - Stopping service [Tomcat]
2023-11-21 18:31:52.386 INFO l.c.S.SpringbootMybatisApplication - [logStarting,55] - Starting SpringbootMybatisApplication using Java 1.8.0_91 on LAPTOP-4NJ4OJED with PID 12124 (E:\StudyDemo\Java_Demo\Springboot_mybatis\target\classes started by zz in E:\StudyDemo\Java_Demo)
2023-11-21 18:31:52.389 INFO l.c.S.SpringbootMybatisApplication - [logStartupProfileInfo,664] - The following profiles are active: multidata
2023-11-21 18:31:53.609 INFO o.a.c.h.Http11NioProtocol - [log,173] - Initializing ProtocolHandler ["http-nio-16000"]
2023-11-21 18:31:53.610 INFO o.a.c.c.StandardService - [log,173] - Starting service [Tomcat]
2023-11-21 18:31:53.610 INFO o.a.c.c.StandardEngine - [log,173] - Starting Servlet engine: [Apache Tomcat/9.0.39]
2023-11-21 18:31:53.707 INFO o.a.c.c.C.[.[.[/javaDemo] - [log,173] - Initializing Spring embedded WebApplicationContext
2023-11-21 18:31:53.950 INFO c.a.d.p.DruidDataSource - [init,996] - {dataSource-1,His} inited
2023-11-21 18:31:53.952 INFO c.a.d.p.DruidDataSource - [init,996] - {dataSource-2,Cis} inited
2023-11-21 18:31:53.953 INFO c.b.d.d.DynamicRoutingDataSource - [addDataSource,154] - dynamic-datasource - add a datasource named [His] success
2023-11-21 18:31:53.954 INFO c.b.d.d.DynamicRoutingDataSource - [addDataSource,154] - dynamic-datasource - add a datasource named [Cis] success
2023-11-21 18:31:53.954 INFO c.b.d.d.DynamicRoutingDataSource - [afterPropertiesSet,234] - dynamic-datasource initial loaded [2] datasource,primary datasource named [His]
2023-11-21 18:31:54.024 INFO c.b.d.d.DynamicRoutingDataSource - [destroy,211] - dynamic-datasource start closing ....
2023-11-21 18:31:54.027 INFO c.a.d.p.DruidDataSource - [close,2138] - {dataSource-1} closing ...
2023-11-21 18:31:54.028 INFO c.a.d.p.DruidDataSource - [close,2211] - {dataSource-1} closed
2023-11-21 18:31:54.028 INFO c.a.d.p.DruidDataSource - [close,2138] - {dataSource-2} closing ...
2023-11-21 18:31:54.029 INFO c.a.d.p.DruidDataSource - [close,2211] - {dataSource-2} closed
2023-11-21 18:31:54.029 INFO c.b.d.d.DynamicRoutingDataSource - [destroy,215] - dynamic-datasource all closed success,bye
2023-11-21 18:31:54.032 INFO o.a.c.c.StandardService - [log,173] - Stopping service [Tomcat]
2023-11-21 18:32:31.484 INFO l.c.S.SpringbootMybatisApplication - [logStarting,55] - Starting SpringbootMybatisApplication using Java 1.8.0_91 on LAPTOP-4NJ4OJED with PID 11632 (E:\StudyDemo\Java_Demo\Springboot_mybatis\target\classes started by zz in E:\StudyDemo\Java_Demo)
2023-11-21 18:32:31.486 INFO l.c.S.SpringbootMybatisApplication - [logStartupProfileInfo,664] - The following profiles are active: data
2023-11-21 18:32:32.648 INFO o.a.c.h.Http11NioProtocol - [log,173] - Initializing ProtocolHandler ["http-nio-16000"]
2023-11-21 18:32:32.648 INFO o.a.c.c.StandardService - [log,173] - Starting service [Tomcat]
2023-11-21 18:32:32.649 INFO o.a.c.c.StandardEngine - [log,173] - Starting Servlet engine: [Apache Tomcat/9.0.39]
2023-11-21 18:32:32.774 INFO o.a.c.c.C.[.[.[/javaDemo] - [log,173] - Initializing Spring embedded WebApplicationContext
2023-11-21 18:32:32.925 INFO c.b.d.d.DynamicRoutingDataSource - [destroy,211] - dynamic-datasource start closing ....
2023-11-21 18:32:32.925 INFO c.b.d.d.DynamicRoutingDataSource - [destroy,215] - dynamic-datasource all closed success,bye
2023-11-21 18:32:32.928 INFO o.a.c.c.StandardService - [log,173] - Stopping service [Tomcat]
2023-11-21 18:33:40.923 INFO l.c.S.SpringbootMybatisApplication - [logStarting,55] - Starting SpringbootMybatisApplication using Java 1.8.0_91 on LAPTOP-4NJ4OJED with PID 12512 (E:\StudyDemo\Java_Demo\Springboot_mybatis\target\classes started by zz in E:\StudyDemo\Java_Demo)
2023-11-21 18:33:40.925 INFO l.c.S.SpringbootMybatisApplication - [logStartupProfileInfo,640] - The following 1 profile is active: "data"
2023-11-21 18:33:42.337 INFO o.a.c.h.Http11NioProtocol - [log,173] - Initializing ProtocolHandler ["http-nio-16000"]
2023-11-21 18:33:42.338 INFO o.a.c.c.StandardService - [log,173] - Starting service [Tomcat]
2023-11-21 18:33:42.338 INFO o.a.c.c.StandardEngine - [log,173] - Starting Servlet engine: [Apache Tomcat/9.0.63]
2023-11-21 18:33:42.508 INFO o.a.c.c.C.[.[.[/javaDemo] - [log,173] - Initializing Spring embedded WebApplicationContext
2023-11-21 18:33:43.037 INFO s.d.s.w.PropertySourcedRequestMappingHandlerMapping - [initHandlerMethods,69] - Mapped URL path [/v2/api-docs] onto method [springfox.documentation.swagger2.web.Swagger2Controller#getDocumentation(String, HttpServletRequest)]
2023-11-21 18:33:43.245 INFO o.a.c.h.Http11NioProtocol - [log,173] - Starting ProtocolHandler ["http-nio-16000"]
2023-11-21 18:33:43.261 INFO s.d.s.w.p.DocumentationPluginsBootstrapper - [start,160] - Context refreshed
2023-11-21 18:33:43.275 INFO s.d.s.w.p.DocumentationPluginsBootstrapper - [start,163] - Found 1 custom documentation plugin(s)
2023-11-21 18:33:43.312 INFO s.d.s.w.s.ApiListingReferenceScanner - [scan,41] - Scanning for api listing references
2023-11-21 18:33:43.463 INFO l.c.S.SpringbootMybatisApplication - [logStarted,61] - Started SpringbootMybatisApplication in 2.984 seconds (JVM running for 3.834)
2023-11-21 18:34:46.997 INFO l.c.S.SpringbootBaseApplication - [logStarting,55] - Starting SpringbootBaseApplication using Java 1.8.0_91 on LAPTOP-4NJ4OJED with PID 4832 (E:\StudyDemo\Java_Demo\SpringbootBase\target\classes started by zz in E:\StudyDemo\Java_Demo)
2023-11-21 18:34:47.000 INFO l.c.S.SpringbootBaseApplication - [logStartupProfileInfo,640] - The following 1 profile is active: "data"
2023-11-21 18:34:48.160 INFO o.a.c.h.Http11NioProtocol - [log,173] - Initializing ProtocolHandler ["http-nio-16000"]
2023-11-21 18:34:48.160 INFO o.a.c.c.StandardService - [log,173] - Starting service [Tomcat]
2023-11-21 18:34:48.161 INFO o.a.c.c.StandardEngine - [log,173] - Starting Servlet engine: [Apache Tomcat/9.0.63]
2023-11-21 18:34:48.296 INFO o.a.c.c.C.[.[.[/javaDemo] - [log,173] - Initializing Spring embedded WebApplicationContext
2023-11-21 18:34:48.808 INFO s.d.s.w.PropertySourcedRequestMappingHandlerMapping - [initHandlerMethods,69] - Mapped URL path [/v2/api-docs] onto method [springfox.documentation.swagger2.web.Swagger2Controller#getDocumentation(String, HttpServletRequest)]
2023-11-21 18:34:49.027 INFO o.a.c.h.Http11NioProtocol - [log,173] - Starting ProtocolHandler ["http-nio-16000"]
2023-11-21 18:34:49.037 INFO o.a.c.h.Http11NioProtocol - [log,173] - Pausing ProtocolHandler ["http-nio-16000"]
2023-11-21 18:34:49.037 INFO o.a.c.c.StandardService - [log,173] - Stopping service [Tomcat]
2023-11-21 18:34:49.040 INFO o.a.c.h.Http11NioProtocol - [log,173] - Stopping ProtocolHandler ["http-nio-16000"]
2023-11-21 18:34:49.040 INFO o.a.c.h.Http11NioProtocol - [log,173] - Destroying ProtocolHandler ["http-nio-16000"]
2023-11-21 18:37:33.611 INFO l.c.S.SpringbootBaseApplication - [logStarting,55] - Starting SpringbootBaseApplication using Java 1.8.0_91 on LAPTOP-4NJ4OJED with PID 14596 (E:\StudyDemo\Java_Demo\SpringbootBase\target\classes started by zz in E:\StudyDemo\Java_Demo)
2023-11-21 18:37:33.614 INFO l.c.S.SpringbootBaseApplication - [logStartupProfileInfo,640] - The following 1 profile is active: "data"
2023-11-21 18:37:34.909 INFO o.a.c.h.Http11NioProtocol - [log,173] - Initializing ProtocolHandler ["http-nio-16000"]
2023-11-21 18:37:34.910 INFO o.a.c.c.StandardService - [log,173] - Starting service [Tomcat]
2023-11-21 18:37:34.911 INFO o.a.c.c.StandardEngine - [log,173] - Starting Servlet engine: [Apache Tomcat/9.0.63]
2023-11-21 18:37:35.148 INFO o.a.c.c.C.[.[.[/javaDemo] - [log,173] - Initializing Spring embedded WebApplicationContext
2023-11-21 18:37:35.890 INFO s.d.s.w.PropertySourcedRequestMappingHandlerMapping - [initHandlerMethods,69] - Mapped URL path [/v2/api-docs] onto method [springfox.documentation.swagger2.web.Swagger2Controller#getDocumentation(String, HttpServletRequest)]
2023-11-21 18:37:36.128 INFO o.a.c.h.Http11NioProtocol - [log,173] - Starting ProtocolHandler ["http-nio-16000"]
2023-11-21 18:37:36.144 INFO s.d.s.w.p.DocumentationPluginsBootstrapper - [start,160] - Context refreshed
2023-11-21 18:37:36.156 INFO s.d.s.w.p.DocumentationPluginsBootstrapper - [start,163] - Found 1 custom documentation plugin(s)
2023-11-21 18:37:36.187 INFO s.d.s.w.s.ApiListingReferenceScanner - [scan,41] - Scanning for api listing references
2023-11-21 18:37:36.320 INFO l.c.S.SpringbootBaseApplication - [logStarted,61] - Started SpringbootBaseApplication in 3.172 seconds (JVM running for 3.99)
2023-11-21 18:37:58.403 INFO l.c.S.SpringbootBaseApplication - [logStarting,55] - Starting SpringbootBaseApplication using Java 1.8.0_91 on LAPTOP-4NJ4OJED with PID 11288 (E:\StudyDemo\Java_Demo\SpringbootBase\target\classes started by zz in E:\StudyDemo\Java_Demo)
2023-11-21 18:37:58.407 INFO l.c.S.SpringbootBaseApplication - [logStartupProfileInfo,640] - The following 1 profile is active: "data"
2023-11-21 18:37:59.572 INFO o.a.c.h.Http11NioProtocol - [log,173] - Initializing ProtocolHandler ["http-nio-16000"]
2023-11-21 18:37:59.573 INFO o.a.c.c.StandardService - [log,173] - Starting service [Tomcat]
2023-11-21 18:37:59.573 INFO o.a.c.c.StandardEngine - [log,173] - Starting Servlet engine: [Apache Tomcat/9.0.63]
2023-11-21 18:37:59.784 INFO o.a.c.c.C.[.[.[/javaDemo] - [log,173] - Initializing Spring embedded WebApplicationContext
2023-11-21 18:38:00.579 INFO s.d.s.w.PropertySourcedRequestMappingHandlerMapping - [initHandlerMethods,69] - Mapped URL path [/v2/api-docs] onto method [springfox.documentation.swagger2.web.Swagger2Controller#getDocumentation(String, HttpServletRequest)]
2023-11-21 18:38:00.961 INFO o.a.c.h.Http11NioProtocol - [log,173] - Starting ProtocolHandler ["http-nio-16000"]
2023-11-21 18:38:00.982 INFO s.d.s.w.p.DocumentationPluginsBootstrapper - [start,160] - Context refreshed
2023-11-21 18:38:01.000 INFO s.d.s.w.p.DocumentationPluginsBootstrapper - [start,163] - Found 1 custom documentation plugin(s)
2023-11-21 18:38:01.051 INFO s.d.s.w.s.ApiListingReferenceScanner - [scan,41] - Scanning for api listing references
2023-11-21 18:38:01.244 INFO l.c.S.SpringbootBaseApplication - [logStarted,61] - Started SpringbootBaseApplication in 3.305 seconds (JVM running for 4.167)
2023-11-21 18:39:14.276 INFO l.c.S.SpringbootBaseApplication - [logStarting,55] - Starting SpringbootBaseApplication using Java 1.8.0_91 on LAPTOP-4NJ4OJED with PID 8164 (E:\StudyDemo\Java_Demo\SpringbootBase\target\classes started by zz in E:\StudyDemo\Java_Demo)
2023-11-21 18:39:14.281 INFO l.c.S.SpringbootBaseApplication - [logStartupProfileInfo,640] - The following 1 profile is active: "data"
2023-11-21 18:39:15.632 INFO o.a.c.h.Http11NioProtocol - [log,173] - Initializing ProtocolHandler ["http-nio-16000"]
2023-11-21 18:39:15.633 INFO o.a.c.c.StandardService - [log,173] - Starting service [Tomcat]
2023-11-21 18:39:15.633 INFO o.a.c.c.StandardEngine - [log,173] - Starting Servlet engine: [Apache Tomcat/9.0.63]
2023-11-21 18:39:15.793 INFO o.a.c.c.C.[.[.[/javaDemo] - [log,173] - Initializing Spring embedded WebApplicationContext
2023-11-21 18:39:16.599 INFO s.d.s.w.PropertySourcedRequestMappingHandlerMapping - [initHandlerMethods,69] - Mapped URL path [/v2/api-docs] onto method [springfox.documentation.swagger2.web.Swagger2Controller#getDocumentation(String, HttpServletRequest)]
2023-11-21 18:39:16.848 INFO o.a.c.h.Http11NioProtocol - [log,173] - Starting ProtocolHandler ["http-nio-16000"]
2023-11-21 18:39:16.863 INFO s.d.s.w.p.DocumentationPluginsBootstrapper - [start,160] - Context refreshed
2023-11-21 18:39:16.878 INFO s.d.s.w.p.DocumentationPluginsBootstrapper - [start,163] - Found 1 custom documentation plugin(s)
2023-11-21 18:39:16.917 INFO s.d.s.w.s.ApiListingReferenceScanner - [scan,41] - Scanning for api listing references
2023-11-21 18:39:17.087 INFO l.c.S.SpringbootBaseApplication - [logStarted,61] - Started SpringbootBaseApplication in 3.258 seconds (JVM running for 4.463)
2023-11-21 18:39:50.554 INFO l.c.S.SpringbootBaseMybatisApplication - [logStarting,55] - Starting SpringbootBaseMybatisApplication using Java 1.8.0_91 on LAPTOP-4NJ4OJED with PID 14300 (E:\StudyDemo\Java_Demo\SpringbootBase_test\target\classes started by zz in E:\StudyDemo\Java_Demo)
2023-11-21 18:39:50.559 INFO l.c.S.SpringbootBaseMybatisApplication - [logStartupProfileInfo,664] - The following profiles are active: data
2023-11-21 18:39:52.794 INFO o.a.c.h.Http11NioProtocol - [log,173] - Initializing ProtocolHandler ["http-nio-16000"]
2023-11-21 18:39:52.795 INFO o.a.c.c.StandardService - [log,173] - Starting service [Tomcat]
2023-11-21 18:39:52.795 INFO o.a.c.c.StandardEngine - [log,173] - Starting Servlet engine: [Apache Tomcat/9.0.39]
2023-11-21 18:39:52.954 INFO o.a.c.c.C.[.[.[/javaDemo] - [log,173] - Initializing Spring embedded WebApplicationContext
2023-11-21 18:39:53.439 INFO s.d.s.w.PropertySourcedRequestMappingHandlerMapping - [initHandlerMethods,69] - Mapped URL path [/v2/api-docs] onto method [springfox.documentation.swagger2.web.Swagger2Controller#getDocumentation(String, HttpServletRequest)]
2023-11-21 18:39:53.927 INFO c.b.d.d.DynamicRoutingDataSource - [destroy,211] - dynamic-datasource start closing ....
2023-11-21 18:39:53.927 INFO c.b.d.d.DynamicRoutingDataSource - [destroy,215] - dynamic-datasource all closed success,bye
2023-11-21 18:39:53.932 INFO o.a.c.c.StandardService - [log,173] - Stopping service [Tomcat]
2023-11-21 18:40:39.389 INFO l.c.S.SpringbootMybatisApplication - [logStarting,55] - Starting SpringbootMybatisApplication using Java 1.8.0_91 on LAPTOP-4NJ4OJED with PID 15332 (E:\StudyDemo\Java_Demo\Springboot_mybatis\target\classes started by zz in E:\StudyDemo\Java_Demo)
2023-11-21 18:40:39.393 INFO l.c.S.SpringbootMybatisApplication - [logStartupProfileInfo,664] - The following profiles are active: multidata
2023-11-21 18:40:40.563 INFO o.a.c.h.Http11NioProtocol - [log,173] - Initializing ProtocolHandler ["http-nio-16000"]
2023-11-21 18:40:40.564 INFO o.a.c.c.StandardService - [log,173] - Starting service [Tomcat]
2023-11-21 18:40:40.564 INFO o.a.c.c.StandardEngine - [log,173] - Starting Servlet engine: [Apache Tomcat/9.0.39]
2023-11-21 18:40:40.682 INFO o.a.c.c.C.[.[.[/javaDemo] - [log,173] - Initializing Spring embedded WebApplicationContext
2023-11-21 18:40:40.934 INFO c.a.d.p.DruidDataSource - [init,996] - {dataSource-1,His} inited
2023-11-21 18:40:40.937 INFO c.a.d.p.DruidDataSource - [init,996] - {dataSource-2,Cis} inited
2023-11-21 18:40:40.937 INFO c.b.d.d.DynamicRoutingDataSource - [addDataSource,154] - dynamic-datasource - add a datasource named [His] success
2023-11-21 18:40:40.939 INFO c.b.d.d.DynamicRoutingDataSource - [addDataSource,154] - dynamic-datasource - add a datasource named [Cis] success
2023-11-21 18:40:40.939 INFO c.b.d.d.DynamicRoutingDataSource - [afterPropertiesSet,234] - dynamic-datasource initial loaded [2] datasource,primary datasource named [His]
2023-11-21 18:40:41.884 INFO s.d.s.w.PropertySourcedRequestMappingHandlerMapping - [initHandlerMethods,69] - Mapped URL path [/v2/api-docs] onto method [springfox.documentation.swagger2.web.Swagger2Controller#getDocumentation(String, HttpServletRequest)]
2023-11-21 18:40:42.654 INFO o.a.c.h.Http11NioProtocol - [log,173] - Starting ProtocolHandler ["http-nio-16000"]
2023-11-21 18:40:42.682 INFO s.d.s.w.p.DocumentationPluginsBootstrapper - [start,160] - Context refreshed
2023-11-21 18:40:42.695 INFO s.d.s.w.p.DocumentationPluginsBootstrapper - [start,163] - Found 1 custom documentation plugin(s)
2023-11-21 18:40:42.727 INFO s.d.s.w.s.ApiListingReferenceScanner - [scan,41] - Scanning for api listing references
2023-11-21 18:40:42.870 INFO l.c.S.SpringbootMybatisApplication - [logStarted,61] - Started SpringbootMybatisApplication in 3.903 seconds (JVM running for 4.821)
