2022-11-23 23:01:03.661 ERROR o.s.b.SpringApplication - [reportFailure,824] - Application run failed
org.springframework.context.ApplicationContextException: Failed to start bean 'documentationPluginsBootstrapper'; nested exception is java.lang.NullPointerException
	at org.springframework.context.support.DefaultLifecycleProcessor.doStart(DefaultLifecycleProcessor.java:181)
	at org.springframework.context.support.DefaultLifecycleProcessor.access$200(DefaultLifecycleProcessor.java:54)
	at org.springframework.context.support.DefaultLifecycleProcessor$LifecycleGroup.start(DefaultLifecycleProcessor.java:356)
	at java.lang.Iterable.forEach(Iterable.java:75)
	at org.springframework.context.support.DefaultLifecycleProcessor.startBeans(DefaultLifecycleProcessor.java:155)
	at org.springframework.context.support.DefaultLifecycleProcessor.onRefresh(DefaultLifecycleProcessor.java:123)
	at org.springframework.context.support.AbstractApplicationContext.finishRefresh(AbstractApplicationContext.java:935)
	at org.springframework.context.support.AbstractApplicationContext.refresh(AbstractApplicationContext.java:586)
	at org.springframework.boot.web.servlet.context.ServletWebServerApplicationContext.refresh(ServletWebServerApplicationContext.java:147)
	at org.springframework.boot.SpringApplication.refresh(SpringApplication.java:734)
	at org.springframework.boot.SpringApplication.refreshContext(SpringApplication.java:408)
	at org.springframework.boot.SpringApplication.run(SpringApplication.java:308)
	at org.springframework.boot.SpringApplication.run(SpringApplication.java:1306)
	at org.springframework.boot.SpringApplication.run(SpringApplication.java:1295)
	at lynu.chaohl.SpringbootBase.SpringbootBaseApplication.main(SpringbootBaseApplication.java:14)
Caused by: java.lang.NullPointerException: null
	at springfox.documentation.spi.service.contexts.Orderings$8.compare(Orderings.java:112)
	at springfox.documentation.spi.service.contexts.Orderings$8.compare(Orderings.java:109)
	at com.google.common.collect.ComparatorOrdering.compare(ComparatorOrdering.java:37)
	at java.util.TimSort.countRunAndMakeAscending(TimSort.java:355)
	at java.util.TimSort.sort(TimSort.java:220)
	at java.util.Arrays.sort(Arrays.java:1438)
	at com.google.common.collect.Ordering.sortedCopy(Ordering.java:855)
	at springfox.documentation.spring.web.plugins.WebMvcRequestHandlerProvider.requestHandlers(WebMvcRequestHandlerProvider.java:57)
	at springfox.documentation.spring.web.plugins.DocumentationPluginsBootstrapper$2.apply(DocumentationPluginsBootstrapper.java:138)
	at springfox.documentation.spring.web.plugins.DocumentationPluginsBootstrapper$2.apply(DocumentationPluginsBootstrapper.java:135)
	at com.google.common.collect.Iterators$7.transform(Iterators.java:750)
	at com.google.common.collect.TransformedIterator.next(TransformedIterator.java:47)
	at com.google.common.collect.TransformedIterator.next(TransformedIterator.java:47)
	at com.google.common.collect.MultitransformedIterator.hasNext(MultitransformedIterator.java:52)
	at com.google.common.collect.MultitransformedIterator.hasNext(MultitransformedIterator.java:50)
	at com.google.common.collect.ImmutableList.copyOf(ImmutableList.java:249)
	at com.google.common.collect.ImmutableList.copyOf(ImmutableList.java:209)
	at com.google.common.collect.FluentIterable.toList(FluentIterable.java:614)
	at springfox.documentation.spring.web.plugins.DocumentationPluginsBootstrapper.defaultContextBuilder(DocumentationPluginsBootstrapper.java:111)
	at springfox.documentation.spring.web.plugins.DocumentationPluginsBootstrapper.buildContext(DocumentationPluginsBootstrapper.java:96)
	at springfox.documentation.spring.web.plugins.DocumentationPluginsBootstrapper.start(DocumentationPluginsBootstrapper.java:167)
	at org.springframework.context.support.DefaultLifecycleProcessor.doStart(DefaultLifecycleProcessor.java:178)
	... 14 common frames omitted
2022-11-23 23:33:57.877 ERROR o.s.b.SpringApplication - [reportFailure,824] - Application run failed
org.springframework.context.ApplicationContextException: Failed to start bean 'documentationPluginsBootstrapper'; nested exception is java.lang.NullPointerException
	at org.springframework.context.support.DefaultLifecycleProcessor.doStart(DefaultLifecycleProcessor.java:181)
	at org.springframework.context.support.DefaultLifecycleProcessor.access$200(DefaultLifecycleProcessor.java:54)
	at org.springframework.context.support.DefaultLifecycleProcessor$LifecycleGroup.start(DefaultLifecycleProcessor.java:356)
	at java.lang.Iterable.forEach(Iterable.java:75)
	at org.springframework.context.support.DefaultLifecycleProcessor.startBeans(DefaultLifecycleProcessor.java:155)
	at org.springframework.context.support.DefaultLifecycleProcessor.onRefresh(DefaultLifecycleProcessor.java:123)
	at org.springframework.context.support.AbstractApplicationContext.finishRefresh(AbstractApplicationContext.java:935)
	at org.springframework.context.support.AbstractApplicationContext.refresh(AbstractApplicationContext.java:586)
	at org.springframework.boot.web.servlet.context.ServletWebServerApplicationContext.refresh(ServletWebServerApplicationContext.java:147)
	at org.springframework.boot.SpringApplication.refresh(SpringApplication.java:734)
	at org.springframework.boot.SpringApplication.refreshContext(SpringApplication.java:408)
	at org.springframework.boot.SpringApplication.run(SpringApplication.java:308)
	at org.springframework.boot.SpringApplication.run(SpringApplication.java:1306)
	at org.springframework.boot.SpringApplication.run(SpringApplication.java:1295)
	at lynu.chaohl.SpringbootBase.SpringbootBaseApplication.main(SpringbootBaseApplication.java:14)
Caused by: java.lang.NullPointerException: null
	at springfox.documentation.spi.service.contexts.Orderings$8.compare(Orderings.java:112)
	at springfox.documentation.spi.service.contexts.Orderings$8.compare(Orderings.java:109)
	at com.google.common.collect.ComparatorOrdering.compare(ComparatorOrdering.java:37)
	at java.util.TimSort.binarySort(TimSort.java:296)
	at java.util.TimSort.sort(TimSort.java:221)
	at java.util.Arrays.sort(Arrays.java:1438)
	at com.google.common.collect.Ordering.sortedCopy(Ordering.java:855)
	at springfox.documentation.spring.web.plugins.WebMvcRequestHandlerProvider.requestHandlers(WebMvcRequestHandlerProvider.java:57)
	at springfox.documentation.spring.web.plugins.DocumentationPluginsBootstrapper$2.apply(DocumentationPluginsBootstrapper.java:138)
	at springfox.documentation.spring.web.plugins.DocumentationPluginsBootstrapper$2.apply(DocumentationPluginsBootstrapper.java:135)
	at com.google.common.collect.Iterators$7.transform(Iterators.java:750)
	at com.google.common.collect.TransformedIterator.next(TransformedIterator.java:47)
	at com.google.common.collect.TransformedIterator.next(TransformedIterator.java:47)
	at com.google.common.collect.MultitransformedIterator.hasNext(MultitransformedIterator.java:52)
	at com.google.common.collect.MultitransformedIterator.hasNext(MultitransformedIterator.java:50)
	at com.google.common.collect.ImmutableList.copyOf(ImmutableList.java:249)
	at com.google.common.collect.ImmutableList.copyOf(ImmutableList.java:209)
	at com.google.common.collect.FluentIterable.toList(FluentIterable.java:614)
	at springfox.documentation.spring.web.plugins.DocumentationPluginsBootstrapper.defaultContextBuilder(DocumentationPluginsBootstrapper.java:111)
	at springfox.documentation.spring.web.plugins.DocumentationPluginsBootstrapper.buildContext(DocumentationPluginsBootstrapper.java:96)
	at springfox.documentation.spring.web.plugins.DocumentationPluginsBootstrapper.start(DocumentationPluginsBootstrapper.java:167)
	at org.springframework.context.support.DefaultLifecycleProcessor.doStart(DefaultLifecycleProcessor.java:178)
	... 14 common frames omitted
2022-11-23 23:34:49.854 ERROR o.s.b.SpringApplication - [reportFailure,824] - Application run failed
org.springframework.context.ApplicationContextException: Failed to start bean 'documentationPluginsBootstrapper'; nested exception is java.lang.NullPointerException
	at org.springframework.context.support.DefaultLifecycleProcessor.doStart(DefaultLifecycleProcessor.java:181)
	at org.springframework.context.support.DefaultLifecycleProcessor.access$200(DefaultLifecycleProcessor.java:54)
	at org.springframework.context.support.DefaultLifecycleProcessor$LifecycleGroup.start(DefaultLifecycleProcessor.java:356)
	at java.lang.Iterable.forEach(Iterable.java:75)
	at org.springframework.context.support.DefaultLifecycleProcessor.startBeans(DefaultLifecycleProcessor.java:155)
	at org.springframework.context.support.DefaultLifecycleProcessor.onRefresh(DefaultLifecycleProcessor.java:123)
	at org.springframework.context.support.AbstractApplicationContext.finishRefresh(AbstractApplicationContext.java:935)
	at org.springframework.context.support.AbstractApplicationContext.refresh(AbstractApplicationContext.java:586)
	at org.springframework.boot.web.servlet.context.ServletWebServerApplicationContext.refresh(ServletWebServerApplicationContext.java:147)
	at org.springframework.boot.SpringApplication.refresh(SpringApplication.java:734)
	at org.springframework.boot.SpringApplication.refreshContext(SpringApplication.java:408)
	at org.springframework.boot.SpringApplication.run(SpringApplication.java:308)
	at org.springframework.boot.SpringApplication.run(SpringApplication.java:1306)
	at org.springframework.boot.SpringApplication.run(SpringApplication.java:1295)
	at lynu.chaohl.SpringbootBase.SpringbootBaseApplication.main(SpringbootBaseApplication.java:14)
Caused by: java.lang.NullPointerException: null
	at springfox.documentation.spi.service.contexts.Orderings$8.compare(Orderings.java:112)
	at springfox.documentation.spi.service.contexts.Orderings$8.compare(Orderings.java:109)
	at com.google.common.collect.ComparatorOrdering.compare(ComparatorOrdering.java:37)
	at java.util.TimSort.countRunAndMakeAscending(TimSort.java:355)
	at java.util.TimSort.sort(TimSort.java:220)
	at java.util.Arrays.sort(Arrays.java:1438)
	at com.google.common.collect.Ordering.sortedCopy(Ordering.java:855)
	at springfox.documentation.spring.web.plugins.WebMvcRequestHandlerProvider.requestHandlers(WebMvcRequestHandlerProvider.java:57)
	at springfox.documentation.spring.web.plugins.DocumentationPluginsBootstrapper$2.apply(DocumentationPluginsBootstrapper.java:138)
	at springfox.documentation.spring.web.plugins.DocumentationPluginsBootstrapper$2.apply(DocumentationPluginsBootstrapper.java:135)
	at com.google.common.collect.Iterators$7.transform(Iterators.java:750)
	at com.google.common.collect.TransformedIterator.next(TransformedIterator.java:47)
	at com.google.common.collect.TransformedIterator.next(TransformedIterator.java:47)
	at com.google.common.collect.MultitransformedIterator.hasNext(MultitransformedIterator.java:52)
	at com.google.common.collect.MultitransformedIterator.hasNext(MultitransformedIterator.java:50)
	at com.google.common.collect.ImmutableList.copyOf(ImmutableList.java:249)
	at com.google.common.collect.ImmutableList.copyOf(ImmutableList.java:209)
	at com.google.common.collect.FluentIterable.toList(FluentIterable.java:614)
	at springfox.documentation.spring.web.plugins.DocumentationPluginsBootstrapper.defaultContextBuilder(DocumentationPluginsBootstrapper.java:111)
	at springfox.documentation.spring.web.plugins.DocumentationPluginsBootstrapper.buildContext(DocumentationPluginsBootstrapper.java:96)
	at springfox.documentation.spring.web.plugins.DocumentationPluginsBootstrapper.start(DocumentationPluginsBootstrapper.java:167)
	at org.springframework.context.support.DefaultLifecycleProcessor.doStart(DefaultLifecycleProcessor.java:178)
	... 14 common frames omitted
2022-11-23 23:50:10.029 ERROR o.s.b.SpringApplication - [reportFailure,824] - Application run failed
org.yaml.snakeyaml.scanner.ScannerException: while scanning an alias
 in 'reader', line 23, column 18:
            include: *
                     ^
unexpected character found 
(10)
 in 'reader', line 23, column 19:
            include: *
                      ^

	at org.yaml.snakeyaml.scanner.ScannerImpl.scanAnchor(ScannerImpl.java:1515)
	at org.yaml.snakeyaml.scanner.ScannerImpl.fetchAlias(ScannerImpl.java:957)
	at org.yaml.snakeyaml.scanner.ScannerImpl.fetchMoreTokens(ScannerImpl.java:406)
	at org.yaml.snakeyaml.scanner.ScannerImpl.checkToken(ScannerImpl.java:251)
	at org.yaml.snakeyaml.parser.ParserImpl$ParseBlockMappingValue.produce(ParserImpl.java:660)
	at org.yaml.snakeyaml.parser.ParserImpl.peekEvent(ParserImpl.java:166)
	at org.yaml.snakeyaml.comments.CommentEventsCollector$1.peek(CommentEventsCollector.java:59)
	at org.yaml.snakeyaml.comments.CommentEventsCollector$1.peek(CommentEventsCollector.java:45)
	at org.yaml.snakeyaml.comments.CommentEventsCollector.collectEvents(CommentEventsCollector.java:140)
	at org.yaml.snakeyaml.comments.CommentEventsCollector.collectEvents(CommentEventsCollector.java:119)
	at org.yaml.snakeyaml.composer.Composer.composeScalarNode(Composer.java:214)
	at org.yaml.snakeyaml.composer.Composer.composeNode(Composer.java:184)
	at org.yaml.snakeyaml.composer.Composer.composeKeyNode(Composer.java:310)
	at org.yaml.snakeyaml.composer.Composer.composeMappingChildren(Composer.java:301)
	at org.yaml.snakeyaml.composer.Composer.composeMappingNode(Composer.java:286)
	at org.yaml.snakeyaml.composer.Composer.composeNode(Composer.java:188)
	at org.yaml.snakeyaml.composer.Composer.composeValueNode(Composer.java:314)
	at org.yaml.snakeyaml.composer.Composer.composeMappingChildren(Composer.java:305)
	at org.yaml.snakeyaml.composer.Composer.composeMappingNode(Composer.java:286)
	at org.yaml.snakeyaml.composer.Composer.composeNode(Composer.java:188)
	at org.yaml.snakeyaml.composer.Composer.composeValueNode(Composer.java:314)
	at org.yaml.snakeyaml.composer.Composer.composeMappingChildren(Composer.java:305)
	at org.yaml.snakeyaml.composer.Composer.composeMappingNode(Composer.java:286)
	at org.yaml.snakeyaml.composer.Composer.composeNode(Composer.java:188)
	at org.yaml.snakeyaml.composer.Composer.composeValueNode(Composer.java:314)
	at org.yaml.snakeyaml.composer.Composer.composeMappingChildren(Composer.java:305)
	at org.yaml.snakeyaml.composer.Composer.composeMappingNode(Composer.java:286)
	at org.yaml.snakeyaml.composer.Composer.composeNode(Composer.java:188)
	at org.yaml.snakeyaml.composer.Composer.composeValueNode(Composer.java:314)
	at org.yaml.snakeyaml.composer.Composer.composeMappingChildren(Composer.java:305)
	at org.yaml.snakeyaml.composer.Composer.composeMappingNode(Composer.java:286)
	at org.yaml.snakeyaml.composer.Composer.composeNode(Composer.java:188)
	at org.yaml.snakeyaml.composer.Composer.getNode(Composer.java:115)
	at org.yaml.snakeyaml.constructor.BaseConstructor.getData(BaseConstructor.java:135)
	at org.springframework.boot.env.OriginTrackedYamlLoader$OriginTrackingConstructor.getData(OriginTrackedYamlLoader.java:99)
	at org.yaml.snakeyaml.Yaml$1.next(Yaml.java:514)
	at org.springframework.beans.factory.config.YamlProcessor.process(YamlProcessor.java:198)
	at org.springframework.beans.factory.config.YamlProcessor.process(YamlProcessor.java:166)
	at org.springframework.boot.env.OriginTrackedYamlLoader.load(OriginTrackedYamlLoader.java:84)
	at org.springframework.boot.env.YamlPropertySourceLoader.load(YamlPropertySourceLoader.java:50)
	at org.springframework.boot.context.config.StandardConfigDataLoader.load(StandardConfigDataLoader.java:54)
	at org.springframework.boot.context.config.StandardConfigDataLoader.load(StandardConfigDataLoader.java:36)
	at org.springframework.boot.context.config.ConfigDataLoaders.load(ConfigDataLoaders.java:107)
	at org.springframework.boot.context.config.ConfigDataImporter.load(ConfigDataImporter.java:128)
	at org.springframework.boot.context.config.ConfigDataImporter.resolveAndLoad(ConfigDataImporter.java:86)
	at org.springframework.boot.context.config.ConfigDataEnvironmentContributors.withProcessedImports(ConfigDataEnvironmentContributors.java:116)
	at org.springframework.boot.context.config.ConfigDataEnvironment.processInitial(ConfigDataEnvironment.java:240)
	at org.springframework.boot.context.config.ConfigDataEnvironment.processAndApply(ConfigDataEnvironment.java:227)
	at org.springframework.boot.context.config.ConfigDataEnvironmentPostProcessor.postProcessEnvironment(ConfigDataEnvironmentPostProcessor.java:102)
	at org.springframework.boot.context.config.ConfigDataEnvironmentPostProcessor.postProcessEnvironment(ConfigDataEnvironmentPostProcessor.java:94)
	at org.springframework.boot.env.EnvironmentPostProcessorApplicationListener.onApplicationEnvironmentPreparedEvent(EnvironmentPostProcessorApplicationListener.java:102)
	at org.springframework.boot.env.EnvironmentPostProcessorApplicationListener.onApplicationEvent(EnvironmentPostProcessorApplicationListener.java:87)
	at org.springframework.context.event.SimpleApplicationEventMulticaster.doInvokeListener(SimpleApplicationEventMulticaster.java:176)
	at org.springframework.context.event.SimpleApplicationEventMulticaster.invokeListener(SimpleApplicationEventMulticaster.java:169)
	at org.springframework.context.event.SimpleApplicationEventMulticaster.multicastEvent(SimpleApplicationEventMulticaster.java:143)
	at org.springframework.context.event.SimpleApplicationEventMulticaster.multicastEvent(SimpleApplicationEventMulticaster.java:131)
	at org.springframework.boot.context.event.EventPublishingRunListener.environmentPrepared(EventPublishingRunListener.java:85)
	at org.springframework.boot.SpringApplicationRunListeners.lambda$environmentPrepared$2(SpringApplicationRunListeners.java:66)
	at java.util.ArrayList.forEach(ArrayList.java:1249)
	at org.springframework.boot.SpringApplicationRunListeners.doWithListeners(SpringApplicationRunListeners.java:120)
	at org.springframework.boot.SpringApplicationRunListeners.doWithListeners(SpringApplicationRunListeners.java:114)
	at org.springframework.boot.SpringApplicationRunListeners.environmentPrepared(SpringApplicationRunListeners.java:65)
	at org.springframework.boot.SpringApplication.prepareEnvironment(SpringApplication.java:344)
	at org.springframework.boot.SpringApplication.run(SpringApplication.java:302)
	at org.springframework.boot.SpringApplication.run(SpringApplication.java:1306)
	at org.springframework.boot.SpringApplication.run(SpringApplication.java:1295)
	at lynu.chaohl.SpringbootBase.SpringbootBaseApplication.main(SpringbootBaseApplication.java:14)
